// Cal log for MAC address:  B8.27.EB.2B.FB.70
// Created:   16:30:18  06-22-21

				   ## COOLER_V.log ##


──────────────────────────────────────────────────────────────────────────────

16:30:18  06-22-21
	[ Pi meas V, 34401 meas V]
	[ 0.099080, 0.100066 ]
	[ 0.099170, 0.100072 ]
	[ 0.099170, 0.100062 ]
	[ 0.099180, 0.100063 ]
	[ 0.099180, 0.100077 ]
	[ 0.099190, 0.100054 ]
	[ 0.099170, 0.100063 ]
	[ 0.099180, 0.100064 ]
	[ 0.099180, 0.100055 ]
	AVG[ 0.099167, 0.100064]
	STD DEV[ 0.000031, 0.000006]
---------------------------------------------------------------------------

16:30:33  06-22-21
	[ Pi meas V, 34401 meas V]
	[ 0.499010, 0.500280 ]
	[ 0.499160, 0.500297 ]
	[ 0.499230, 0.500283 ]
	[ 0.499250, 0.500279 ]
	[ 0.499260, 0.500280 ]
	[ 0.499280, 0.500292 ]
	[ 0.499290, 0.500291 ]
	[ 0.499290, 0.500283 ]
	[ 0.499300, 0.500291 ]
	[ 0.499290, 0.500288 ]
	AVG[ 0.499236, 0.500286]
	STD DEV[ 0.000085, 0.000006]
---------------------------------------------------------------------------

16:30:48  06-22-21
	[ Pi meas V, 34401 meas V]
	[ 0.998940, 1.000490 ]
	[ 0.999190, 1.000478 ]
	[ 0.999280, 1.000474 ]
	[ 0.999330, 1.000477 ]
	[ 0.999360, 1.000491 ]
	[ 0.999390, 1.000479 ]
	[ 0.999400, 1.000475 ]
	[ 0.999420, 1.000477 ]
	[ 0.999410, 1.000471 ]
	AVG[ 0.999302, 1.000480]
	STD DEV[ 0.000146, 0.000007]
---------------------------------------------------------------------------

16:31:03  06-22-21
	[ Pi meas V, 34401 meas V]
	[ 1.998360, 2.000668 ]
	[ 1.998930, 2.000718 ]
	[ 1.999120, 2.000702 ]
	[ 1.999220, 2.000695 ]
	[ 1.999280, 2.000690 ]
	[ 1.999320, 2.000702 ]
	[ 1.999360, 2.000655 ]
	[ 1.999390, 2.000676 ]
	[ 1.999390, 2.000702 ]
	[ 1.999420, 2.000699 ]
	AVG[ 1.999179, 2.000691]
	STD DEV[ 0.000308, 0.000018]
---------------------------------------------------------------------------

16:31:18  06-22-21
	[ Pi meas V, 34401 meas V]
	[ 2.998140, 3.000983 ]
	[ 2.998870, 3.000970 ]
	[ 2.999110, 3.000965 ]
	[ 2.999250, 3.000976 ]
	[ 2.999310, 3.000976 ]
	[ 2.999370, 3.000991 ]
	[ 2.999380, 3.000957 ]
	[ 2.999410, 3.000968 ]
	[ 2.999440, 3.000970 ]
	[ 2.999450, 3.000962 ]
	AVG[ 2.999173, 3.000972]
	STD DEV[ 0.000384, 0.000010]
---------------------------------------------------------------------------

16:31:33  06-22-21
	[ Pi meas V, 34401 meas V]
	[ 3.998070, 4.001312 ]
	[ 3.998890, 4.001315 ]
	[ 3.999170, 4.001294 ]
	[ 3.999310, 4.001307 ]
	[ 3.999380, 4.001296 ]
	[ 3.999440, 4.001295 ]
	[ 3.999490, 4.001283 ]
	[ 3.999510, 4.001274 ]
	[ 3.999540, 4.001309 ]
	[ 3.999560, 4.001309 ]
	AVG[ 3.999236, 4.001299]
	STD DEV[ 0.000435, 0.000013]
---------------------------------------------------------------------------

16:31:48  06-22-21
	[ Pi meas V, 34401 meas V]
	[ 4.998250, 5.001846 ]
	[ 4.999160, 5.001817 ]
	[ 4.999430, 5.001860 ]
	[ 4.999570, 5.001846 ]
	[ 4.999670, 5.001827 ]
	[ 4.999730, 5.001829 ]
	[ 4.999770, 5.001832 ]
	[ 4.999790, 5.001830 ]
	[ 4.999860, 5.001822 ]
	AVG[ 4.999470, 5.001832]
	STD DEV[ 0.000477, 0.000014]
---------------------------------------------------------------------------

16:32:03  06-22-21
	[ Pi meas V, 34401 meas V]
	[ 5.998290, 6.002187 ]
	[ 5.999220, 6.002184 ]
	[ 5.999500, 6.002200 ]
	[ 5.999680, 6.002212 ]
	[ 5.999770, 6.002192 ]
	[ 5.999840, 6.002196 ]
	[ 5.999880, 6.002218 ]
	[ 5.999920, 6.002206 ]
	[ 5.999930, 6.002222 ]
	[ 5.999990, 6.002233 ]
	AVG[ 5.999602, 6.002205]
	STD DEV[ 0.000490, 0.000015]
---------------------------------------------------------------------------

16:32:19  06-22-21
	[ Pi meas V, 34401 meas V]
	[ 6.998240, 7.002500 ]
	[ 6.999230, 7.002479 ]
	[ 6.999520, 7.002443 ]
	[ 6.999670, 7.002468 ]
	[ 6.999780, 7.002472 ]
	[ 6.999860, 7.002459 ]
	[ 6.999900, 7.002439 ]
	[ 6.999920, 7.002447 ]
	[ 6.999990, 7.002484 ]
	[ 6.999990, 7.002486 ]
	AVG[ 6.999610, 7.002468]
	STD DEV[ 0.000509, 0.000019]
---------------------------------------------------------------------------

16:32:34  06-22-21
	[ Pi meas V, 34401 meas V]
	[ 7.997960, 8.002527 ]
	[ 7.998960, 8.002511 ]
	[ 7.999290, 8.002548 ]
	[ 7.999460, 8.002532 ]
	[ 7.999570, 8.002508 ]
	[ 7.999640, 8.002498 ]
	[ 7.999680, 8.002511 ]
	[ 7.999760, 8.002527 ]
	[ 7.999750, 8.002501 ]
	[ 7.999790, 8.002498 ]
	AVG[ 7.999386, 8.002516]
	STD DEV[ 0.000534, 0.000016]
---------------------------------------------------------------------------

16:32:50  06-22-21
	[ Pi meas V, 34401 meas V]
	[ 8.998430, 9.002697 ]
	[ 8.999020, 9.002670 ]
	[ 8.999250, 9.002673 ]
	[ 8.999380, 9.002673 ]
	[ 8.999470, 9.002670 ]
	[ 8.999520, 9.002673 ]
	[ 8.999580, 9.002649 ]
	[ 8.999630, 9.002652 ]
	[ 8.999630, 9.002680 ]
	[ 8.999660, 9.002657 ]
	AVG[ 8.999357, 9.002669]
	STD DEV[ 0.000363, 0.000013]
---------------------------------------------------------------------------

16:33:06  06-22-21
	[ Pi meas V, 34401 meas V]
	[ 9.998800, 10.002962 ]
	[ 9.999360, 10.002903 ]
	[ 9.999590, 10.002928 ]
	[ 9.999700, 10.002928 ]
	[ 9.999790, 10.002923 ]
	[ 9.999850, 10.002920 ]
	[ 9.999910, 10.002876 ]
	[ 9.999940, 10.002936 ]
	[ 9.999970, 10.002920 ]
	[ 9.999910, 10.002902 ]
	AVG[ 9.999682, 10.002920]
	STD DEV[ 0.000344, 0.000022]
---------------------------------------------------------------------------

16:33:22  06-22-21
	[ Pi meas V, 34401 meas V]
	[ 10.498890, 10.503161 ]
	[ 10.499270, 10.503140 ]
	[ 10.499400, 10.503154 ]
	[ 10.499510, 10.503149 ]
	[ 10.499560, 10.503162 ]
	[ 10.499570, 10.503117 ]
	[ 10.499640, 10.503120 ]
	[ 10.499650, 10.503157 ]
	[ 10.499730, 10.503146 ]
	[ 10.499690, 10.503138 ]
	AVG[ 10.499491, 10.503144]
	STD DEV[ 0.000240, 0.000015]
---------------------------------------------------------------------------

16:33:38  06-22-21
	[ Pi meas V, 34401 meas V]
	[ 10.749480, 10.753368 ]
	[ 10.749650, 10.753357 ]
	[ 10.749760, 10.753373 ]
	[ 10.749800, 10.753362 ]
	[ 10.749790, 10.753394 ]
	[ 10.749810, 10.753349 ]
	[ 10.749860, 10.753351 ]
	[ 10.749860, 10.753378 ]
	[ 10.749910, 10.753352 ]
	[ 10.749900, 10.753368 ]
	AVG[ 10.749782, 10.753366]
	STD DEV[ 0.000124, 0.000013]
---------------------------------------------------------------------------

16:33:54  06-22-21
	[ Pi meas V, 34401 meas V]
	[ 10.999570, 11.003478 ]
	[ 10.999750, 11.003480 ]
	[ 10.999800, 11.003488 ]
	[ 10.999810, 11.003506 ]
	[ 10.999860, 11.003504 ]
	[ 10.999880, 11.003485 ]
	[ 10.999960, 11.003493 ]
	[ 10.999940, 11.003489 ]
	[ 10.999990, 11.003457 ]
	[ 10.999990, 11.003464 ]
	AVG[ 10.999855, 11.003485]
	STD DEV[ 0.000124, 0.000015]
---------------------------------------------------------------------------

16:34:10  06-22-21
	[ Pi meas V, 34401 meas V]
	[ 11.249590, 11.253551 ]
	[ 11.249750, 11.253567 ]
	[ 11.249840, 11.253549 ]
	[ 11.249900, 11.253585 ]
	[ 11.249880, 11.253588 ]
	[ 11.249950, 11.253562 ]
	[ 11.249950, 11.253601 ]
	[ 11.249950, 11.253596 ]
	[ 11.249960, 11.253604 ]
	[ 11.249970, 11.253551 ]
	AVG[ 11.249874, 11.253575]
	STD DEV[ 0.000115, 0.000021]
---------------------------------------------------------------------------

16:34:26  06-22-21
	[ Pi meas V, 34401 meas V]
	[ 11.499540, 11.503585 ]
	[ 11.499680, 11.503565 ]
	[ 11.499720, 11.503577 ]
	[ 11.499800, 11.503569 ]
	[ 11.499790, 11.503606 ]
	[ 11.499850, 11.503582 ]
	[ 11.499890, 11.503545 ]
	[ 11.499880, 11.503591 ]
	[ 11.499900, 11.503587 ]
	[ 11.499940, 11.503564 ]
	AVG[ 11.499799, 11.503577]
	STD DEV[ 0.000116, 0.000016]
---------------------------------------------------------------------------

16:34:42  06-22-21
	[ Pi meas V, 34401 meas V]
	[ 11.749890, 11.753639 ]
	[ 11.750100, 11.753625 ]
	[ 11.750150, 11.753640 ]
	[ 11.750150, 11.753666 ]
	[ 11.750230, 11.753674 ]
	[ 11.750230, 11.753654 ]
	[ 11.750240, 11.753604 ]
	[ 11.750250, 11.753653 ]
	[ 11.750280, 11.753657 ]
	[ 11.750170, 11.753632 ]
	AVG[ 11.750169, 11.753644]
	STD DEV[ 0.000107, 0.000020]
---------------------------------------------------------------------------

16:34:58  06-22-21
	[ Pi meas V, 34401 meas V]
	[ 11.899550, 11.903928 ]
	[ 11.899580, 11.903888 ]
	[ 11.899680, 11.903886 ]
	[ 11.899730, 11.903893 ]
	[ 11.899760, 11.903895 ]
	[ 11.899730, 11.903861 ]
	[ 11.899740, 11.903852 ]
	[ 11.899760, 11.903868 ]
	[ 11.899880, 11.903872 ]
	AVG[ 11.899713, 11.903885]
	STD DEV[ 0.000094, 0.000021]
---------------------------------------------------------------------------

16:35:14  06-22-21
	[ Pi meas V, 34401 meas V]
	[ 12.000210, 12.003833 ]
	[ 12.000270, 12.003584 ]
	[ 12.000270, 12.003715 ]
	[ 12.000290, 12.003676 ]
	[ 12.000300, 12.003505 ]
	[ 12.000330, 12.003505 ]
	[ 12.000340, 12.003466 ]
	[ 12.000320, 12.003505 ]
	[ 12.000370, 12.003820 ]
	[ 12.000210, 12.003715 ]
	AVG[ 12.000291, 12.003633]
	STD DEV[ 0.000050, 0.000130]
---------------------------------------------------------------------------

16:35:30  06-22-21
	[ Pi meas V, 34401 meas V]
	[ 12.049830, 12.053422 ]
	[ 12.049860, 12.053527 ]
	[ 12.049880, 12.053448 ]
	[ 12.049890, 12.053737 ]
	[ 12.049910, 12.053317 ]
	[ 12.049930, 12.053396 ]
	[ 12.049920, 12.053579 ]
	[ 12.049940, 12.053501 ]
	[ 12.049910, 12.053474 ]
	[ 12.049930, 12.053448 ]
	AVG[ 12.049900, 12.053485]
	STD DEV[ 0.000033, 0.000108]
---------------------------------------------------------------------------

16:35:46  06-22-21
	[ Pi meas V, 34401 meas V]
	[ 12.099750, 12.103811 ]
	[ 12.099800, 12.103732 ]
	[ 12.099830, 12.103549 ]
	[ 12.099820, 12.103653 ]
	[ 12.099820, 12.103863 ]
	[ 12.099790, 12.103890 ]
	[ 12.099820, 12.103811 ]
	[ 12.099830, 12.103863 ]
	[ 12.099830, 12.104021 ]
	[ 12.099930, 12.103995 ]
	AVG[ 12.099822, 12.103819]
	STD DEV[ 0.000043, 0.000137]
---------------------------------------------------------------------------

16:36:02  06-22-21
	[ Pi meas V, 34401 meas V]
	[ 12.149940, 12.153387 ]
	[ 12.149980, 12.153491 ]
	[ 12.149920, 12.153806 ]
	[ 12.149940, 12.153728 ]
	[ 12.149990, 12.153636 ]
	[ 12.150000, 12.153675 ]
	[ 12.150030, 12.153623 ]
	[ 12.150040, 12.153872 ]
	[ 12.150030, 12.153439 ]
	[ 12.150030, 12.153465 ]
	AVG[ 12.149990, 12.153612]
	STD DEV[ 0.000042, 0.000155]
---------------------------------------------------------------------------

16:36:18  06-22-21
	[ Pi meas V, 34401 meas V]
	[ 12.199950, 12.202949 ]
	[ 12.199950, 12.203054 ]
	[ 12.199950, 12.203395 ]
	[ 12.199970, 12.203238 ]
	[ 12.199970, 12.203159 ]
	[ 12.199980, 12.203185 ]
	[ 12.200000, 12.203185 ]
	[ 12.199950, 12.203395 ]
	[ 12.200000, 12.203080 ]
	[ 12.199920, 12.203120 ]
	AVG[ 12.199965, 12.203176]
	STD DEV[ 0.000024, 0.000134]
---------------------------------------------------------------------------

16:36:35  06-22-21
	[ Pi meas V, 34401 meas V]
	[ 12.249520, 12.253364 ]
	[ 12.249490, 12.253469 ]
	[ 12.249540, 12.253600 ]
	[ 12.249500, 12.253469 ]
	[ 12.249540, 12.253522 ]
	[ 12.249510, 12.253364 ]
	[ 12.249520, 12.253679 ]
	[ 12.249550, 12.253574 ]
	[ 12.249540, 12.253522 ]
	[ 12.249640, 12.253495 ]
	AVG[ 12.249536, 12.253506]
	STD DEV[ 0.000040, 0.000093]
---------------------------------------------------------------------------

16:36:51  06-22-21
	[ Pi meas V, 34401 meas V]
	[ 12.299730, 12.304068 ]
	[ 12.299780, 12.303858 ]
	[ 12.299810, 12.303819 ]
	[ 12.299790, 12.303858 ]
	[ 12.299790, 12.304068 ]
	[ 12.299830, 12.303989 ]
	[ 12.299810, 12.303701 ]
	[ 12.299810, 12.303779 ]
	[ 12.299830, 12.303832 ]
	[ 12.299890, 12.303753 ]
	AVG[ 12.299808, 12.303872]
	STD DEV[ 0.000039, 0.000121]
---------------------------------------------------------------------------

16:37:07  06-22-21
	[ Pi meas V, 34401 meas V]
	[ 12.350130, 12.353801 ]
	[ 12.350090, 12.353880 ]
	[ 12.350110, 12.353985 ]
	[ 12.350130, 12.354011 ]
	[ 12.350150, 12.353670 ]
	[ 12.350130, 12.353644 ]
	[ 12.350170, 12.353880 ]
	[ 12.350180, 12.353827 ]
	[ 12.350130, 12.353854 ]
	[ 12.350160, 12.353513 ]
	AVG[ 12.350138, 12.353806]
	STD DEV[ 0.000026, 0.000148]
---------------------------------------------------------------------------

16:37:23  06-22-21
	[ Pi meas V, 34401 meas V]
	[ 12.400090, 12.403783 ]
	[ 12.400060, 12.403482 ]
	[ 12.400080, 12.403902 ]
	[ 12.400100, 12.403849 ]
	[ 12.400110, 12.403613 ]
	[ 12.400090, 12.403731 ]
	[ 12.400100, 12.403757 ]
	[ 12.400110, 12.403665 ]
	[ 12.400120, 12.403508 ]
	[ 12.400120, 12.403574 ]
	AVG[ 12.400098, 12.403687]
	STD DEV[ 0.000018, 0.000135]
---------------------------------------------------------------------------

16:37:39  06-22-21
	[ Pi meas V, 34401 meas V]
	[ 12.449980, 12.453438 ]
	[ 12.450030, 12.453516 ]
	[ 12.450020, 12.453831 ]
	[ 12.450040, 12.453858 ]
	[ 12.450000, 12.453621 ]
	[ 12.450000, 12.453766 ]
	[ 12.450030, 12.453726 ]
	[ 12.450030, 12.453871 ]
	[ 12.450030, 12.453543 ]
	[ 12.450020, 12.453503 ]
	AVG[ 12.450018, 12.453667]
	STD DEV[ 0.000018, 0.000154]
---------------------------------------------------------------------------

16:37:55  06-22-21
	[ Pi meas V, 34401 meas V]
	[ 12.499900, 12.503905 ]
	[ 12.499880, 12.503827 ]
	[ 12.499920, 12.503486 ]
	[ 12.499930, 12.503512 ]
	[ 12.499910, 12.503617 ]
	[ 12.499910, 12.503577 ]
	[ 12.499920, 12.503643 ]
	[ 12.499900, 12.503381 ]
	[ 12.499910, 12.503669 ]
	[ 12.499920, 12.503669 ]
	AVG[ 12.499910, 12.503629]
	STD DEV[ 0.000014, 0.000147]
---------------------------------------------------------------------------

16:38:11  06-22-21
	[ Pi meas V, 34401 meas V]
	[ 12.549780, 12.553770 ]
	[ 12.549860, 12.553822 ]
	[ 12.549860, 12.553901 ]
	[ 12.549780, 12.553822 ]
	[ 12.549820, 12.553927 ]
	[ 12.549820, 12.553665 ]
	[ 12.549840, 12.554058 ]
	[ 12.549780, 12.553927 ]
	[ 12.549830, 12.553822 ]
	[ 12.549930, 12.553901 ]
	AVG[ 12.549829, 12.553862]
	STD DEV[ 0.000044, 0.000101]
---------------------------------------------------------------------------

16:38:27  06-22-21
	[ Pi meas V, 34401 meas V]
	[ 12.600110, 12.603636 ]
	[ 12.600170, 12.603583 ]
	[ 12.600140, 12.603479 ]
	[ 12.600150, 12.603531 ]
	[ 12.600150, 12.603662 ]
	[ 12.600200, 12.603675 ]
	[ 12.600200, 12.603426 ]
	[ 12.600100, 12.603479 ]
	[ 12.600080, 12.603479 ]
	AVG[ 12.600144, 12.603535]
	STD DEV[ 0.000040, 0.000093]
---------------------------------------------------------------------------

16:38:43  06-22-21
	[ Pi meas V, 34401 meas V]
	[ 12.650020, 12.653881 ]
	[ 12.650020, 12.653828 ]
	[ 12.650050, 12.653815 ]
	[ 12.650070, 12.653526 ]
	[ 12.650090, 12.653959 ]
	[ 12.650130, 12.653907 ]
	[ 12.650050, 12.653723 ]
	[ 12.650050, 12.653789 ]
	[ 12.650080, 12.653802 ]
	[ 12.650130, 12.653881 ]
	AVG[ 12.650069, 12.653811]
	STD DEV[ 0.000037, 0.000114]
---------------------------------------------------------------------------

16:38:59  06-22-21
	[ Pi meas V, 34401 meas V]
	[ 12.700300, 12.703719 ]
	[ 12.700340, 12.703929 ]
	[ 12.700370, 12.703587 ]
	[ 12.700350, 12.703587 ]
	[ 12.700360, 12.703824 ]
	[ 12.700340, 12.703745 ]
	[ 12.700380, 12.703640 ]
	[ 12.700360, 12.703666 ]
	[ 12.700350, 12.703929 ]
	[ 12.700220, 12.703850 ]
	AVG[ 12.700337, 12.703748]
	STD DEV[ 0.000044, 0.000124]
---------------------------------------------------------------------------

16:39:15  06-22-21
	[ Pi meas V, 34401 meas V]
	[ 12.749840, 12.754344 ]
	[ 12.749870, 12.754213 ]
	[ 12.749890, 12.753871 ]
	[ 12.749920, 12.753898 ]
	[ 12.749940, 12.754029 ]
	[ 12.749930, 12.754029 ]
	[ 12.749950, 12.753976 ]
	[ 12.749950, 12.753793 ]
	[ 12.749850, 12.754108 ]
	[ 12.750010, 12.754081 ]
	AVG[ 12.749915, 12.754034]
	STD DEV[ 0.000050, 0.000156]
---------------------------------------------------------------------------

16:39:31  06-22-21
	[ Pi meas V, 34401 meas V]
	[ 12.800250, 12.803054 ]
	[ 12.800260, 12.803093 ]
	[ 12.800250, 12.803263 ]
	[ 12.800240, 12.803237 ]
	[ 12.800270, 12.803290 ]
	[ 12.800250, 12.802949 ]
	[ 12.800270, 12.803368 ]
	[ 12.800260, 12.803368 ]
	[ 12.800000, 12.803185 ]
	AVG[ 12.800228, 12.803202]
	STD DEV[ 0.000081, 0.000129]
---------------------------------------------------------------------------

16:39:47  06-22-21
	[ Pi meas V, 34401 meas V]
	[ 12.849730, 12.853784 ]
	[ 12.849740, 12.853600 ]
	[ 12.849750, 12.853547 ]
	[ 12.849760, 12.853561 ]
	[ 12.849750, 12.853561 ]
	[ 12.849760, 12.853272 ]
	[ 12.849830, 12.853718 ]
	[ 12.849810, 12.853547 ]
	[ 12.849750, 12.853469 ]
	[ 12.849800, 12.853495 ]
	AVG[ 12.849768, 12.853556]
	STD DEV[ 0.000032, 0.000131]
---------------------------------------------------------------------------

16:40:03  06-22-21
	[ Pi meas V, 34401 meas V]
	[ 12.899880, 12.903687 ]
	[ 12.899890, 12.903713 ]
	[ 12.899930, 12.903687 ]
	[ 12.899910, 12.903976 ]
	[ 12.899970, 12.903477 ]
	[ 12.899940, 12.903608 ]
	[ 12.899970, 12.903845 ]
	[ 12.899970, 12.903766 ]
	[ 12.899950, 12.903845 ]
	[ 12.899960, 12.903792 ]
	AVG[ 12.899937, 12.903740]
	STD DEV[ 0.000032, 0.000132]
---------------------------------------------------------------------------

16:40:19  06-22-21
	[ Pi meas V, 34401 meas V]
	[ 13.000070, 13.003652 ]
	[ 13.000090, 13.003678 ]
	[ 13.000160, 13.003914 ]
	[ 13.000220, 13.003835 ]
	[ 13.000240, 13.003521 ]
	[ 13.000200, 13.003521 ]
	[ 13.000240, 13.003652 ]
	[ 13.000200, 13.003547 ]
	[ 13.000210, 13.003704 ]
	[ 13.000070, 13.003389 ]
	AVG[ 13.000170, 13.003641]
	STD DEV[ 0.000065, 0.000148]
---------------------------------------------------------------------------

16:40:35  06-22-21
	[ Pi meas V, 34401 meas V]
	[ 13.317390, 13.322620 ]
	[ 13.318560, 13.322358 ]
	[ 13.318340, 13.322122 ]
	[ 13.318310, 13.322935 ]
	[ 13.318040, 13.321413 ]
	[ 13.318130, 13.323092 ]
	[ 13.318600, 13.321715 ]
	[ 13.318060, 13.322148 ]
	[ 13.317860, 13.321859 ]
	AVG[ 13.318143, 13.322191]
	STD DEV[ 0.000352, 0.000531]
---------------------------------------------------------------------------

16:40:52  06-22-21
	[ Pi meas V, 34401 meas V]
	[ 13.318190, 13.323788 ]
	[ 13.318720, 13.321649 ]
	[ 13.319320, 13.321938 ]
	[ 13.318410, 13.322515 ]
	[ 13.317950, 13.321990 ]
	[ 13.318260, 13.321833 ]
	[ 13.318470, 13.323355 ]
	[ 13.318820, 13.321938 ]
	[ 13.318700, 13.322279 ]
	[ 13.318170, 13.322017 ]
	AVG[ 13.318501, 13.322330]
	STD DEV[ 0.000379, 0.000667]
---------------------------------------------------------------------------

16:41:08  06-22-21
	[ Pi meas V, 34401 meas V]
	[ 13.317570, 13.322410 ]
	[ 13.318390, 13.322174 ]
	[ 13.318710, 13.323276 ]
	[ 13.318610, 13.322620 ]
	[ 13.319100, 13.323001 ]
	[ 13.318160, 13.323617 ]
	[ 13.319130, 13.323998 ]
	[ 13.318030, 13.323224 ]
	[ 13.318040, 13.322883 ]
	[ 13.317290, 13.322830 ]
	AVG[ 13.318303, 13.323004]
	STD DEV[ 0.000576, 0.000522]
---------------------------------------------------------------------------

09:31:04  06-23-21
	[ Pi meas V, 34401 meas V]
	[ 0.099130, 0.100050 ]
	[ 0.099180, 0.100049 ]
	[ 0.099190, 0.100047 ]
	[ 0.099190, 0.100032 ]
	[ 0.099220, 0.100050 ]
	[ 0.099210, 0.100048 ]
	[ 0.099200, 0.100048 ]
	[ 0.099230, 0.100042 ]
	[ 0.099220, 0.100045 ]
	[ 0.099210, 0.100050 ]
	AVG[ 0.099198, 0.100046]
	STD DEV[ 0.000027, 0.000005]
---------------------------------------------------------------------------

09:31:19  06-23-21
	[ Pi meas V, 34401 meas V]
	[ 0.499000, 0.500258 ]
	[ 0.499170, 0.500256 ]
	[ 0.499230, 0.500268 ]
	[ 0.499260, 0.500264 ]
	[ 0.499270, 0.500252 ]
	[ 0.499280, 0.500261 ]
	[ 0.499290, 0.500254 ]
	[ 0.499290, 0.500253 ]
	[ 0.499280, 0.500257 ]
	[ 0.499300, 0.500250 ]
	AVG[ 0.499237, 0.500257]
	STD DEV[ 0.000087, 0.000005]
---------------------------------------------------------------------------

09:31:34  06-23-21
	[ Pi meas V, 34401 meas V]
	[ 0.998920, 1.000463 ]
	[ 0.999180, 1.000468 ]
	[ 0.999280, 1.000451 ]
	[ 0.999320, 1.000456 ]
	[ 0.999360, 1.000453 ]
	[ 0.999380, 1.000460 ]
	[ 0.999390, 1.000456 ]
	[ 0.999400, 1.000458 ]
	[ 0.999410, 1.000460 ]
	[ 0.999430, 1.000458 ]
	AVG[ 0.999307, 1.000458]
	STD DEV[ 0.000147, 0.000005]
---------------------------------------------------------------------------

09:31:49  06-23-21
	[ Pi meas V, 34401 meas V]
	[ 1.998340, 2.000651 ]
	[ 1.998930, 2.000684 ]
	[ 1.999110, 2.000684 ]
	[ 1.999220, 2.000688 ]
	[ 1.999270, 2.000704 ]
	[ 1.999320, 2.000700 ]
	[ 1.999360, 2.000660 ]
	[ 1.999380, 2.000668 ]
	[ 1.999420, 2.000681 ]
	[ 1.999410, 2.000674 ]
	AVG[ 1.999176, 2.000679]
	STD DEV[ 0.000314, 0.000016]
---------------------------------------------------------------------------

09:32:05  06-23-21
	[ Pi meas V, 34401 meas V]
	[ 2.998170, 3.000928 ]
	[ 2.998890, 3.000944 ]
	[ 2.999100, 3.000944 ]
	[ 2.999210, 3.000939 ]
	[ 2.999300, 3.000919 ]
	[ 2.999320, 3.000931 ]
	[ 2.999360, 3.000960 ]
	[ 2.999370, 3.000937 ]
	[ 2.999420, 3.000960 ]
	[ 2.999430, 3.000949 ]
	AVG[ 2.999157, 3.000941]
	STD DEV[ 0.000365, 0.000012]
---------------------------------------------------------------------------

09:32:20  06-23-21
	[ Pi meas V, 34401 meas V]
	[ 3.998070, 4.001279 ]
	[ 3.998900, 4.001294 ]
	[ 3.999140, 4.001250 ]
	[ 3.999280, 4.001252 ]
	[ 3.999360, 4.001271 ]
	[ 3.999420, 4.001262 ]
	[ 3.999510, 4.001275 ]
	[ 3.999500, 4.001252 ]
	[ 3.999520, 4.001275 ]
	AVG[ 3.999189, 4.001269]
	STD DEV[ 0.000439, 0.000014]
---------------------------------------------------------------------------

09:32:35  06-23-21
	[ Pi meas V, 34401 meas V]
	[ 4.998200, 5.001791 ]
	[ 4.999110, 5.001812 ]
	[ 4.999410, 5.001796 ]
	[ 4.999540, 5.001780 ]
	[ 4.999640, 5.001814 ]
	[ 4.999700, 5.001803 ]
	[ 4.999740, 5.001791 ]
	[ 4.999760, 5.001770 ]
	[ 4.999790, 5.001812 ]
	[ 4.999800, 5.001817 ]
	AVG[ 4.999469, 5.001798]
	STD DEV[ 0.000469, 0.000015]
---------------------------------------------------------------------------

09:32:50  06-23-21
	[ Pi meas V, 34401 meas V]
	[ 5.998240, 6.002151 ]
	[ 5.999160, 6.002145 ]
	[ 5.999460, 6.002142 ]
	[ 5.999620, 6.002149 ]
	[ 5.999720, 6.002182 ]
	[ 5.999740, 6.002162 ]
	[ 5.999820, 6.002138 ]
	[ 5.999870, 6.002137 ]
	[ 5.999900, 6.002129 ]
	[ 5.999900, 6.002137 ]
	AVG[ 5.999543, 6.002147]
	STD DEV[ 0.000486, 0.000014]
---------------------------------------------------------------------------

09:33:05  06-23-21
	[ Pi meas V, 34401 meas V]
	[ 6.998130, 7.002439 ]
	[ 6.999150, 7.002416 ]
	[ 6.999480, 7.002402 ]
	[ 6.999630, 7.002400 ]
	[ 6.999710, 7.002408 ]
	[ 6.999790, 7.002396 ]
	[ 6.999870, 7.002408 ]
	[ 6.999890, 7.002410 ]
	[ 6.999910, 7.002434 ]
	[ 6.999910, 7.002437 ]
	AVG[ 6.999547, 7.002415]
	STD DEV[ 0.000524, 0.000015]
---------------------------------------------------------------------------

09:33:20  06-23-21
	[ Pi meas V, 34401 meas V]
	[ 7.997830, 8.002448 ]
	[ 7.998920, 8.002426 ]
	[ 7.999220, 8.002432 ]
	[ 7.999430, 8.002461 ]
	[ 7.999490, 8.002456 ]
	[ 7.999550, 8.002463 ]
	[ 7.999600, 8.002466 ]
	[ 7.999640, 8.002448 ]
	[ 7.999710, 8.002434 ]
	[ 7.999710, 8.002432 ]
	AVG[ 7.999310, 8.002447]
	STD DEV[ 0.000545, 0.000014]
---------------------------------------------------------------------------

09:33:36  06-23-21
	[ Pi meas V, 34401 meas V]
	[ 8.998340, 9.002617 ]
	[ 8.998930, 9.002610 ]
	[ 8.999160, 9.002562 ]
	[ 8.999330, 9.002565 ]
	[ 8.999400, 9.002579 ]
	[ 8.999460, 9.002579 ]
	[ 8.999520, 9.002573 ]
	[ 8.999530, 9.002564 ]
	[ 8.999560, 9.002583 ]
	[ 8.999600, 9.002590 ]
	AVG[ 8.999283, 9.002583]
	STD DEV[ 0.000370, 0.000018]
---------------------------------------------------------------------------

09:33:52  06-23-21
	[ Pi meas V, 34401 meas V]
	[ 9.998370, 10.003212 ]
	[ 9.998920, 10.003245 ]
	[ 9.999160, 10.003234 ]
	[ 9.999290, 10.003221 ]
	[ 9.999370, 10.003224 ]
	[ 9.999430, 10.003225 ]
	[ 9.999460, 10.003245 ]
	[ 9.999480, 10.003215 ]
	[ 9.999520, 10.003229 ]
	[ 9.999660, 10.003246 ]
	AVG[ 9.999266, 10.003230]
	STD DEV[ 0.000357, 0.000012]
---------------------------------------------------------------------------

09:34:08  06-23-21
	[ Pi meas V, 34401 meas V]
	[ 10.499210, 10.503053 ]
	[ 10.499550, 10.503071 ]
	[ 10.499720, 10.503054 ]
	[ 10.499820, 10.503070 ]
	[ 10.499880, 10.503045 ]
	[ 10.499940, 10.503104 ]
	[ 10.499960, 10.503092 ]
	[ 10.500020, 10.503051 ]
	[ 10.500000, 10.503079 ]
	[ 10.499940, 10.503063 ]
	AVG[ 10.499804, 10.503068]
	STD DEV[ 0.000240, 0.000018]
---------------------------------------------------------------------------

09:34:24  06-23-21
	[ Pi meas V, 34401 meas V]
	[ 10.749420, 10.753286 ]
	[ 10.749590, 10.753281 ]
	[ 10.749680, 10.753281 ]
	[ 10.749740, 10.753281 ]
	[ 10.749780, 10.753284 ]
	[ 10.749800, 10.753281 ]
	[ 10.749820, 10.753293 ]
	[ 10.749820, 10.753292 ]
	[ 10.749840, 10.753252 ]
	[ 10.749870, 10.753270 ]
	AVG[ 10.749736, 10.753280]
	STD DEV[ 0.000132, 0.000011]
---------------------------------------------------------------------------

09:34:40  06-23-21
	[ Pi meas V, 34401 meas V]
	[ 10.999460, 11.003802 ]
	[ 10.999620, 11.003788 ]
	[ 10.999690, 11.003781 ]
	[ 10.999770, 11.003761 ]
	[ 10.999800, 11.003765 ]
	[ 10.999830, 11.003793 ]
	[ 10.999850, 11.003769 ]
	[ 10.999830, 11.003746 ]
	[ 10.999880, 11.003730 ]
	[ 10.999970, 11.003777 ]
	AVG[ 10.999770, 11.003771]
	STD DEV[ 0.000138, 0.000021]
---------------------------------------------------------------------------

09:34:56  06-23-21
	[ Pi meas V, 34401 meas V]
	[ 11.249860, 11.253509 ]
	[ 11.250050, 11.253474 ]
	[ 11.250100, 11.253467 ]
	[ 11.250180, 11.253507 ]
	[ 11.250190, 11.253521 ]
	[ 11.250250, 11.253509 ]
	[ 11.250230, 11.253524 ]
	[ 11.250310, 11.253510 ]
	[ 11.250280, 11.253497 ]
	[ 11.250220, 11.253491 ]
	AVG[ 11.250167, 11.253501]
	STD DEV[ 0.000127, 0.000018]
---------------------------------------------------------------------------

09:35:12  06-23-21
	[ Pi meas V, 34401 meas V]
	[ 11.499480, 11.503453 ]
	[ 11.499660, 11.503482 ]
	[ 11.499710, 11.503477 ]
	[ 11.499700, 11.503457 ]
	[ 11.499760, 11.503501 ]
	[ 11.499790, 11.503496 ]
	[ 11.499760, 11.503519 ]
	[ 11.499800, 11.503482 ]
	[ 11.499820, 11.503472 ]
	[ 11.499820, 11.503520 ]
	AVG[ 11.499730, 11.503486]
	STD DEV[ 0.000097, 0.000022]
---------------------------------------------------------------------------

09:35:28  06-23-21
	[ Pi meas V, 34401 meas V]
	[ 11.749850, 11.753206 ]
	[ 11.750000, 11.753240 ]
	[ 11.750040, 11.753225 ]
	[ 11.750110, 11.753184 ]
	[ 11.750150, 11.753200 ]
	[ 11.750170, 11.753225 ]
	[ 11.750190, 11.753204 ]
	[ 11.750210, 11.753172 ]
	[ 11.750190, 11.753175 ]
	[ 11.749990, 11.753151 ]
	AVG[ 11.750090, 11.753199]
	STD DEV[ 0.000111, 0.000026]
---------------------------------------------------------------------------

09:35:44  06-23-21
	[ Pi meas V, 34401 meas V]
	[ 11.899460, 11.903378 ]
	[ 11.899520, 11.903409 ]
	[ 11.899560, 11.903404 ]
	[ 11.899570, 11.903428 ]
	[ 11.899610, 11.903401 ]
	[ 11.899620, 11.903449 ]
	[ 11.899620, 11.903413 ]
	[ 11.899600, 11.903403 ]
	[ 11.899650, 11.903425 ]
	[ 11.899680, 11.903403 ]
	AVG[ 11.899589, 11.903412]
	STD DEV[ 0.000061, 0.000018]
---------------------------------------------------------------------------

09:36:01  06-23-21
	[ Pi meas V, 34401 meas V]
	[ 11.999760, 12.003479 ]
	[ 11.999810, 12.003112 ]
	[ 11.999840, 12.003059 ]
	[ 11.999830, 12.003348 ]
	[ 11.999850, 12.002954 ]
	[ 11.999860, 12.003007 ]
	[ 11.999870, 12.003190 ]
	[ 11.999870, 12.003164 ]
	[ 11.999880, 12.003085 ]
	[ 11.999750, 12.003400 ]
	AVG[ 11.999832, 12.003180]
	STD DEV[ 0.000043, 0.000166]
---------------------------------------------------------------------------

09:36:17  06-23-21
	[ Pi meas V, 34401 meas V]
	[ 12.049810, 12.053369 ]
	[ 12.049840, 12.053501 ]
	[ 12.049790, 12.053763 ]
	[ 12.049800, 12.053606 ]
	[ 12.049810, 12.053317 ]
	[ 12.049830, 12.053422 ]
	[ 12.049810, 12.053474 ]
	[ 12.049830, 12.053369 ]
	[ 12.049820, 12.053422 ]
	[ 12.049840, 12.053160 ]
	AVG[ 12.049818, 12.053440]
	STD DEV[ 0.000016, 0.000155]
---------------------------------------------------------------------------

09:36:33  06-23-21
	[ Pi meas V, 34401 meas V]
	[ 12.099730, 12.103758 ]
	[ 12.099780, 12.104021 ]
	[ 12.099790, 12.103549 ]
	[ 12.099780, 12.103653 ]
	[ 12.099780, 12.103837 ]
	[ 12.099760, 12.103706 ]
	[ 12.099790, 12.103732 ]
	[ 12.099800, 12.103653 ]
	[ 12.099820, 12.103522 ]
	[ 12.099910, 12.103522 ]
	AVG[ 12.099794, 12.103695]
	STD DEV[ 0.000045, 0.000147]
---------------------------------------------------------------------------

09:36:49  06-23-21
	[ Pi meas V, 34401 meas V]
	[ 12.149920, 12.153347 ]
	[ 12.149920, 12.153413 ]
	[ 12.149950, 12.153623 ]
	[ 12.149970, 12.153570 ]
	[ 12.150030, 12.153596 ]
	[ 12.149990, 12.153596 ]
	[ 12.149980, 12.153833 ]
	[ 12.150000, 12.153767 ]
	[ 12.149980, 12.153439 ]
	[ 12.150020, 12.153544 ]
	AVG[ 12.149976, 12.153573]
	STD DEV[ 0.000035, 0.000143]
---------------------------------------------------------------------------

09:37:05  06-23-21
	[ Pi meas V, 34401 meas V]
	[ 12.200250, 12.203841 ]
	[ 12.200290, 12.203710 ]
	[ 12.200270, 12.203474 ]
	[ 12.200300, 12.203579 ]
	[ 12.200320, 12.203579 ]
	[ 12.200290, 12.203474 ]
	[ 12.200280, 12.203369 ]
	[ 12.200280, 12.203356 ]
	[ 12.200310, 12.203671 ]
	[ 12.200230, 12.203644 ]
	AVG[ 12.200282, 12.203569]
	STD DEV[ 0.000026, 0.000146]
---------------------------------------------------------------------------

09:37:21  06-23-21
	[ Pi meas V, 34401 meas V]
	[ 12.249870, 12.253364 ]
	[ 12.249840, 12.253417 ]
	[ 12.249870, 12.253548 ]
	[ 12.249860, 12.253495 ]
	[ 12.249880, 12.253548 ]
	[ 12.249920, 12.253259 ]
	[ 12.249890, 12.253732 ]
	[ 12.249930, 12.253679 ]
	[ 12.249900, 12.253417 ]
	[ 12.249910, 12.253784 ]
	AVG[ 12.249887, 12.253524]
	STD DEV[ 0.000027, 0.000160]
---------------------------------------------------------------------------

09:37:37  06-23-21
	[ Pi meas V, 34401 meas V]
	[ 12.299800, 12.303675 ]
	[ 12.299810, 12.303832 ]
	[ 12.299800, 12.303806 ]
	[ 12.299800, 12.303806 ]
	[ 12.299780, 12.303570 ]
	[ 12.299750, 12.303622 ]
	[ 12.299820, 12.303937 ]
	[ 12.299830, 12.303963 ]
	[ 12.299820, 12.303779 ]
	[ 12.299900, 12.303806 ]
	AVG[ 12.299811, 12.303780]
	STD DEV[ 0.000037, 0.000120]
---------------------------------------------------------------------------

09:37:53  06-23-21
	[ Pi meas V, 34401 meas V]
	[ 12.350060, 12.353775 ]
	[ 12.350050, 12.353736 ]
	[ 12.350100, 12.353473 ]
	[ 12.350120, 12.353617 ]
	[ 12.350040, 12.353854 ]
	[ 12.350110, 12.353827 ]
	[ 12.350070, 12.353644 ]
	[ 12.350130, 12.353827 ]
	[ 12.350150, 12.354011 ]
	[ 12.350130, 12.353932 ]
	AVG[ 12.350096, 12.353769]
	STD DEV[ 0.000036, 0.000151]
---------------------------------------------------------------------------

09:38:09  06-23-21
	[ Pi meas V, 34401 meas V]
	[ 12.400030, 12.403298 ]
	[ 12.400030, 12.403075 ]
	[ 12.400040, 12.403547 ]
	[ 12.400040, 12.403482 ]
	[ 12.400070, 12.403206 ]
	[ 12.400050, 12.403311 ]
	[ 12.400040, 12.403246 ]
	[ 12.400080, 12.403259 ]
	[ 12.400090, 12.403049 ]
	[ 12.399960, 12.403141 ]
	AVG[ 12.400043, 12.403261]
	STD DEV[ 0.000034, 0.000152]
---------------------------------------------------------------------------

09:38:25  06-23-21
	[ Pi meas V, 34401 meas V]
	[ 12.449550, 12.453254 ]
	[ 12.449560, 12.453530 ]
	[ 12.449590, 12.453123 ]
	[ 12.449580, 12.453123 ]
	[ 12.449550, 12.453359 ]
	[ 12.449580, 12.453307 ]
	[ 12.449580, 12.453333 ]
	[ 12.449570, 12.453280 ]
	[ 12.449570, 12.453228 ]
	[ 12.449620, 12.453123 ]
	AVG[ 12.449575, 12.453266]
	STD DEV[ 0.000020, 0.000122]
---------------------------------------------------------------------------

09:38:41  06-23-21
	[ Pi meas V, 34401 meas V]
	[ 12.499400, 12.503827 ]
	[ 12.499430, 12.503643 ]
	[ 12.499420, 12.503354 ]
	[ 12.499410, 12.503486 ]
	[ 12.499420, 12.503538 ]
	[ 12.499470, 12.503486 ]
	[ 12.499460, 12.503250 ]
	[ 12.499460, 12.503354 ]
	[ 12.499480, 12.503643 ]
	[ 12.499560, 12.503617 ]
	AVG[ 12.499451, 12.503520]
	STD DEV[ 0.000045, 0.000163]
---------------------------------------------------------------------------

09:38:57  06-23-21
	[ Pi meas V, 34401 meas V]
	[ 12.549730, 12.553665 ]
	[ 12.549750, 12.553560 ]
	[ 12.549780, 12.553481 ]
	[ 12.549790, 12.553429 ]
	[ 12.549770, 12.553691 ]
	[ 12.549800, 12.553691 ]
	[ 12.549790, 12.553376 ]
	[ 12.549820, 12.553402 ]
	[ 12.549810, 12.553455 ]
	[ 12.549820, 12.553481 ]
	AVG[ 12.549787, 12.553523]
	STD DEV[ 0.000028, 0.000115]
---------------------------------------------------------------------------

09:39:13  06-23-21
	[ Pi meas V, 34401 meas V]
	[ 12.600080, 12.603282 ]
	[ 12.600090, 12.603426 ]
	[ 12.600100, 12.603465 ]
	[ 12.600090, 12.603465 ]
	[ 12.600130, 12.603636 ]
	[ 12.600100, 12.603649 ]
	[ 12.600140, 12.603347 ]
	[ 12.600150, 12.603360 ]
	[ 12.600120, 12.603505 ]
	[ 12.600030, 12.603439 ]
	AVG[ 12.600102, 12.603457]
	STD DEV[ 0.000033, 0.000112]
---------------------------------------------------------------------------

09:39:29  06-23-21
	[ Pi meas V, 34401 meas V]
	[ 12.649630, 12.653697 ]
	[ 12.649680, 12.653487 ]
	[ 12.649660, 12.653382 ]
	[ 12.649660, 12.653461 ]
	[ 12.649690, 12.653644 ]
	[ 12.649680, 12.653592 ]
	[ 12.649690, 12.653251 ]
	[ 12.649660, 12.653303 ]
	[ 12.649680, 12.653408 ]
	[ 12.649690, 12.653356 ]
	AVG[ 12.649672, 12.653458]
	STD DEV[ 0.000018, 0.000140]
---------------------------------------------------------------------------

09:39:45  06-23-21
	[ Pi meas V, 34401 meas V]
	[ 12.699480, 12.703955 ]
	[ 12.699470, 12.703902 ]
	[ 12.699480, 12.703561 ]
	[ 12.699490, 12.703614 ]
	[ 12.699480, 12.703640 ]
	[ 12.699490, 12.703561 ]
	[ 12.699460, 12.703614 ]
	[ 12.699530, 12.703430 ]
	[ 12.699530, 12.703850 ]
	[ 12.699640, 12.703719 ]
	AVG[ 12.699505, 12.703685]
	STD DEV[ 0.000050, 0.000160]
---------------------------------------------------------------------------

09:40:01  06-23-21
	[ Pi meas V, 34401 meas V]
	[ 12.749790, 12.753740 ]
	[ 12.749810, 12.753871 ]
	[ 12.749820, 12.754134 ]
	[ 12.749840, 12.754055 ]
	[ 12.749870, 12.754003 ]
	[ 12.749840, 12.754003 ]
	[ 12.749840, 12.754239 ]
	[ 12.749910, 12.754160 ]
	[ 12.750010, 12.753845 ]
	AVG[ 12.749859, 12.753995]
	STD DEV[ 0.000063, 0.000149]
---------------------------------------------------------------------------

09:40:18  06-23-21
	[ Pi meas V, 34401 meas V]
	[ 12.800170, 12.804208 ]
	[ 12.800110, 12.804129 ]
	[ 12.800190, 12.803814 ]
	[ 12.800170, 12.803867 ]
	[ 12.800170, 12.804011 ]
	[ 12.800200, 12.803972 ]
	[ 12.800180, 12.804024 ]
	[ 12.800190, 12.803736 ]
	[ 12.800180, 12.804155 ]
	[ 12.800190, 12.804077 ]
	AVG[ 12.800175, 12.803999]
	STD DEV[ 0.000024, 0.000146]
---------------------------------------------------------------------------

09:40:34  06-23-21
	[ Pi meas V, 34401 meas V]
	[ 12.850100, 12.853364 ]
	[ 12.850060, 12.853508 ]
	[ 12.850120, 12.853534 ]
	[ 12.850190, 12.853770 ]
	[ 12.850140, 12.853298 ]
	[ 12.850160, 12.853338 ]
	[ 12.850150, 12.853626 ]
	[ 12.850100, 12.853561 ]
	[ 12.850060, 12.853587 ]
	[ 12.850000, 12.853587 ]
	AVG[ 12.850108, 12.853518]
	STD DEV[ 0.000053, 0.000138]
---------------------------------------------------------------------------

09:40:50  06-23-21
	[ Pi meas V, 34401 meas V]
	[ 12.899850, 12.903372 ]
	[ 12.899890, 12.903267 ]
	[ 12.899870, 12.903294 ]
	[ 12.899880, 12.903136 ]
	[ 12.899900, 12.903477 ]
	[ 12.899870, 12.903399 ]
	[ 12.899940, 12.903294 ]
	[ 12.899880, 12.903294 ]
	[ 12.899780, 12.903267 ]
	AVG[ 12.899874, 12.903336]
	STD DEV[ 0.000040, 0.000113]
---------------------------------------------------------------------------

09:41:06  06-23-21
	[ Pi meas V, 34401 meas V]
	[ 12.999650, 13.003599 ]
	[ 12.999640, 13.003521 ]
	[ 12.999710, 13.003403 ]
	[ 12.999680, 13.003468 ]
	[ 12.999720, 13.003704 ]
	[ 12.999710, 13.003652 ]
	[ 12.999730, 13.003652 ]
	[ 12.999740, 13.003652 ]
	[ 12.999740, 13.003862 ]
	[ 12.999780, 13.003783 ]
	AVG[ 12.999710, 13.003630]
	STD DEV[ 0.000041, 0.000132]
---------------------------------------------------------------------------

09:41:22  06-23-21
	[ Pi meas V, 34401 meas V]
	[ 13.316410, 13.320810 ]
	[ 13.316470, 13.319341 ]
	[ 13.316890, 13.320810 ]
	[ 13.316850, 13.319682 ]
	[ 13.315730, 13.320574 ]
	[ 13.317330, 13.319787 ]
	[ 13.316840, 13.320495 ]
	[ 13.316840, 13.321649 ]
	[ 13.317160, 13.321518 ]
	[ 13.315910, 13.322174 ]
	AVG[ 13.316643, 13.320684]
	STD DEV[ 0.000487, 0.000868]
---------------------------------------------------------------------------

09:41:38  06-23-21
	[ Pi meas V, 34401 meas V]
	[ 13.316500, 13.321413 ]
	[ 13.317770, 13.320521 ]
	[ 13.316880, 13.320206 ]
	[ 13.317030, 13.320416 ]
	[ 13.317180, 13.321649 ]
	[ 13.317930, 13.320915 ]
	[ 13.316980, 13.321886 ]
	[ 13.316670, 13.320810 ]
	[ 13.316930, 13.319445 ]
	[ 13.316140, 13.320180 ]
	AVG[ 13.317001, 13.320745]
	STD DEV[ 0.000511, 0.000711]
---------------------------------------------------------------------------

09:41:54  06-23-21
	[ Pi meas V, 34401 meas V]
	[ 13.316850, 13.319865 ]
	[ 13.316830, 13.320521 ]
	[ 13.315990, 13.320233 ]
	[ 13.316760, 13.321256 ]
	[ 13.317370, 13.320521 ]
	[ 13.316150, 13.320259 ]
	[ 13.316900, 13.320784 ]
	[ 13.317680, 13.320941 ]
	[ 13.317040, 13.322069 ]
	[ 13.314630, 13.320731 ]
	AVG[ 13.316620, 13.320718]
	STD DEV[ 0.000815, 0.000585]
---------------------------------------------------------------------------

14:13:41  06-23-21
	[ Pi meas V, 34401 meas V]
	[ 0.099140, 0.100028 ]
	[ 0.099180, 0.100037 ]
	[ 0.099190, 0.100037 ]
	[ 0.099190, 0.100042 ]
	[ 0.099210, 0.100029 ]
	[ 0.099200, 0.100034 ]
	[ 0.099190, 0.100030 ]
	[ 0.099200, 0.100042 ]
	[ 0.099190, 0.100037 ]
	[ 0.099200, 0.100033 ]
	AVG[ 0.099189, 0.100035]
	STD DEV[ 0.000018, 0.000005]
---------------------------------------------------------------------------

14:13:56  06-23-21
	[ Pi meas V, 34401 meas V]
	[ 0.498980, 0.500237 ]
	[ 0.499150, 0.500251 ]
	[ 0.499220, 0.500236 ]
	[ 0.499240, 0.500255 ]
	[ 0.499270, 0.500251 ]
	[ 0.499260, 0.500246 ]
	[ 0.499270, 0.500244 ]
	[ 0.499270, 0.500254 ]
	[ 0.499280, 0.500251 ]
	[ 0.499270, 0.500244 ]
	AVG[ 0.499221, 0.500247]
	STD DEV[ 0.000088, 0.000006]
---------------------------------------------------------------------------

14:14:11  06-23-21
	[ Pi meas V, 34401 meas V]
	[ 0.998910, 1.000454 ]
	[ 0.999160, 1.000456 ]
	[ 0.999270, 1.000445 ]
	[ 0.999320, 1.000446 ]
	[ 0.999340, 1.000448 ]
	[ 0.999360, 1.000448 ]
	[ 0.999360, 1.000449 ]
	[ 0.999380, 1.000440 ]
	[ 0.999400, 1.000447 ]
	[ 0.999400, 1.000446 ]
	AVG[ 0.999290, 1.000448]
	STD DEV[ 0.000144, 0.000004]
---------------------------------------------------------------------------

14:14:26  06-23-21
	[ Pi meas V, 34401 meas V]
	[ 1.998240, 2.000705 ]
	[ 1.998900, 2.000653 ]
	[ 1.999100, 2.000678 ]
	[ 1.999200, 2.000684 ]
	[ 1.999280, 2.000668 ]
	[ 1.999310, 2.000671 ]
	[ 1.999340, 2.000663 ]
	[ 1.999340, 2.000702 ]
	[ 1.999370, 2.000655 ]
	[ 1.999410, 2.000660 ]
	AVG[ 1.999149, 2.000674]
	STD DEV[ 0.000336, 0.000017]
---------------------------------------------------------------------------

14:14:41  06-23-21
	[ Pi meas V, 34401 meas V]
	[ 2.998180, 3.000912 ]
	[ 2.998890, 3.000926 ]
	[ 2.999110, 3.000915 ]
	[ 2.999230, 3.000936 ]
	[ 2.999270, 3.000948 ]
	[ 2.999360, 3.000939 ]
	[ 2.999380, 3.000923 ]
	[ 2.999400, 3.000919 ]
	[ 2.999420, 3.000960 ]
	[ 2.999440, 3.000949 ]
	AVG[ 2.999168, 3.000933]
	STD DEV[ 0.000367, 0.000015]
---------------------------------------------------------------------------

14:14:56  06-23-21
	[ Pi meas V, 34401 meas V]
	[ 3.998090, 4.001263 ]
	[ 3.998900, 4.001273 ]
	[ 3.999140, 4.001288 ]
	[ 3.999290, 4.001291 ]
	[ 3.999380, 4.001259 ]
	[ 3.999410, 4.001262 ]
	[ 3.999450, 4.001273 ]
	[ 3.999510, 4.001267 ]
	[ 3.999520, 4.001279 ]
	[ 3.999550, 4.001254 ]
	AVG[ 3.999224, 4.001271]
	STD DEV[ 0.000423, 0.000012]
---------------------------------------------------------------------------

14:15:11  06-23-21
	[ Pi meas V, 34401 meas V]
	[ 4.998270, 5.001832 ]
	[ 4.999450, 5.001829 ]
	[ 4.999570, 5.001827 ]
	[ 4.999640, 5.001834 ]
	[ 4.999710, 5.001830 ]
	[ 4.999750, 5.001840 ]
	[ 4.999790, 5.001812 ]
	[ 4.999830, 5.001803 ]
	[ 4.999830, 5.001838 ]
	AVG[ 4.999538, 5.001827]
	STD DEV[ 0.000464, 0.000011]
---------------------------------------------------------------------------

14:15:26  06-23-21
	[ Pi meas V, 34401 meas V]
	[ 5.998260, 6.002149 ]
	[ 5.999230, 6.002184 ]
	[ 5.999500, 6.002142 ]
	[ 5.999630, 6.002143 ]
	[ 5.999720, 6.002179 ]
	[ 5.999820, 6.002159 ]
	[ 5.999850, 6.002160 ]
	[ 5.999870, 6.002130 ]
	[ 5.999920, 6.002182 ]
	[ 5.999920, 6.002171 ]
	AVG[ 5.999572, 6.002160]
	STD DEV[ 0.000484, 0.000018]
---------------------------------------------------------------------------

14:15:41  06-23-21
	[ Pi meas V, 34401 meas V]
	[ 6.998160, 7.002425 ]
	[ 6.999180, 7.002423 ]
	[ 6.999470, 7.002465 ]
	[ 6.999630, 7.002450 ]
	[ 6.999730, 7.002418 ]
	[ 6.999800, 7.002429 ]
	[ 6.999850, 7.002442 ]
	[ 6.999880, 7.002418 ]
	[ 6.999900, 7.002439 ]
	[ 6.999940, 7.002425 ]
	AVG[ 6.999554, 7.002433]
	STD DEV[ 0.000515, 0.000015]
---------------------------------------------------------------------------

14:15:57  06-23-21
	[ Pi meas V, 34401 meas V]
	[ 7.997540, 8.002486 ]
	[ 7.998560, 8.002476 ]
	[ 7.998880, 8.002474 ]
	[ 7.999030, 8.002459 ]
	[ 7.999140, 8.002442 ]
	[ 7.999230, 8.002477 ]
	[ 7.999260, 8.002428 ]
	[ 7.999300, 8.002438 ]
	[ 7.999320, 8.002487 ]
	[ 7.999370, 8.002493 ]
	AVG[ 7.998963, 8.002466]
	STD DEV[ 0.000529, 0.000022]
---------------------------------------------------------------------------

14:16:13  06-23-21
	[ Pi meas V, 34401 meas V]
	[ 8.998380, 9.002589 ]
	[ 8.998940, 9.002610 ]
	[ 8.999160, 9.002604 ]
	[ 8.999330, 9.002631 ]
	[ 8.999400, 9.002593 ]
	[ 8.999490, 9.002613 ]
	[ 8.999520, 9.002652 ]
	[ 8.999550, 9.002645 ]
	[ 8.999610, 9.002643 ]
	[ 8.999610, 9.002627 ]
	AVG[ 8.999299, 9.002621]
	STD DEV[ 0.000367, 0.000021]
---------------------------------------------------------------------------

14:16:29  06-23-21
	[ Pi meas V, 34401 meas V]
	[ 9.998380, 10.002886 ]
	[ 9.998950, 10.002860 ]
	[ 9.999190, 10.002868 ]
	[ 9.999310, 10.002884 ]
	[ 9.999400, 10.002889 ]
	[ 9.999430, 10.002876 ]
	[ 9.999530, 10.002873 ]
	[ 9.999550, 10.002881 ]
	[ 9.999550, 10.002913 ]
	[ 9.999580, 10.002870 ]
	AVG[ 9.999287, 10.002880]
	STD DEV[ 0.000355, 0.000014]
---------------------------------------------------------------------------

14:16:45  06-23-21
	[ Pi meas V, 34401 meas V]
	[ 10.498900, 10.502685 ]
	[ 10.499240, 10.502697 ]
	[ 10.499380, 10.502702 ]
	[ 10.499440, 10.502676 ]
	[ 10.499520, 10.502665 ]
	[ 10.499590, 10.502718 ]
	[ 10.499630, 10.502682 ]
	[ 10.499630, 10.502686 ]
	[ 10.499640, 10.502668 ]
	[ 10.499530, 10.502709 ]
	AVG[ 10.499450, 10.502688]
	STD DEV[ 0.000220, 0.000017]
---------------------------------------------------------------------------

14:17:01  06-23-21
	[ Pi meas V, 34401 meas V]
	[ 10.749090, 10.753336 ]
	[ 10.749290, 10.753280 ]
	[ 10.749340, 10.753297 ]
	[ 10.749400, 10.753313 ]
	[ 10.749420, 10.753313 ]
	[ 10.749440, 10.753286 ]
	[ 10.749460, 10.753326 ]
	[ 10.749480, 10.753326 ]
	[ 10.749500, 10.753351 ]
	[ 10.749600, 10.753302 ]
	AVG[ 10.749402, 10.753313]
	STD DEV[ 0.000132, 0.000021]
---------------------------------------------------------------------------

14:17:17  06-23-21
	[ Pi meas V, 34401 meas V]
	[ 10.999480, 11.003354 ]
	[ 10.999680, 11.003422 ]
	[ 10.999720, 11.003409 ]
	[ 10.999810, 11.003399 ]
	[ 10.999840, 11.003407 ]
	[ 10.999840, 11.003414 ]
	[ 10.999870, 11.003433 ]
	[ 10.999870, 11.003407 ]
	[ 10.999940, 11.003401 ]
	[ 10.999890, 11.003404 ]
	AVG[ 10.999794, 11.003405]
	STD DEV[ 0.000128, 0.000020]
---------------------------------------------------------------------------

14:17:33  06-23-21
	[ Pi meas V, 34401 meas V]
	[ 11.249600, 11.253496 ]
	[ 11.249720, 11.253509 ]
	[ 11.249820, 11.253517 ]
	[ 11.249870, 11.253459 ]
	[ 11.249870, 11.253496 ]
	[ 11.249890, 11.253493 ]
	[ 11.249930, 11.253535 ]
	[ 11.249920, 11.253504 ]
	[ 11.249930, 11.253495 ]
	[ 11.249910, 11.253491 ]
	AVG[ 11.249846, 11.253500]
	STD DEV[ 0.000102, 0.000019]
---------------------------------------------------------------------------

14:17:49  06-23-21
	[ Pi meas V, 34401 meas V]
	[ 11.499470, 11.503485 ]
	[ 11.499580, 11.503496 ]
	[ 11.499700, 11.503493 ]
	[ 11.499760, 11.503425 ]
	[ 11.499760, 11.503450 ]
	[ 11.499790, 11.503501 ]
	[ 11.499790, 11.503507 ]
	[ 11.499800, 11.503506 ]
	[ 11.499860, 11.503490 ]
	[ 11.499830, 11.503485 ]
	AVG[ 11.499734, 11.503484]
	STD DEV[ 0.000115, 0.000025]
---------------------------------------------------------------------------

14:18:05  06-23-21
	[ Pi meas V, 34401 meas V]
	[ 11.749470, 11.753188 ]
	[ 11.749610, 11.753179 ]
	[ 11.749640, 11.753185 ]
	[ 11.749710, 11.753196 ]
	[ 11.749760, 11.753212 ]
	[ 11.749760, 11.753191 ]
	[ 11.749780, 11.753172 ]
	[ 11.749760, 11.753201 ]
	[ 11.749830, 11.753204 ]
	[ 11.749730, 11.753188 ]
	AVG[ 11.749705, 11.753192]
	STD DEV[ 0.000100, 0.000011]
---------------------------------------------------------------------------

14:18:21  06-23-21
	[ Pi meas V, 34401 meas V]
	[ 11.899460, 11.903810 ]
	[ 11.899530, 11.903813 ]
	[ 11.899590, 11.903857 ]
	[ 11.899620, 11.903780 ]
	[ 11.899600, 11.903798 ]
	[ 11.899690, 11.903810 ]
	[ 11.899630, 11.903822 ]
	[ 11.899660, 11.903797 ]
	[ 11.899670, 11.903821 ]
	[ 11.899780, 11.903826 ]
	AVG[ 11.899623, 11.903813]
	STD DEV[ 0.000083, 0.000020]
---------------------------------------------------------------------------

14:18:37  06-23-21
	[ Pi meas V, 34401 meas V]
	[ 11.999730, 12.003794 ]
	[ 11.999840, 12.003348 ]
	[ 11.999860, 12.003440 ]
	[ 11.999850, 12.003453 ]
	[ 11.999880, 12.003479 ]
	[ 11.999900, 12.003295 ]
	[ 11.999890, 12.003636 ]
	[ 11.999880, 12.003623 ]
	[ 11.999880, 12.003348 ]
	[ 11.999910, 12.003505 ]
	AVG[ 11.999862, 12.003492]
	STD DEV[ 0.000049, 0.000146]
---------------------------------------------------------------------------

14:18:53  06-23-21
	[ Pi meas V, 34401 meas V]
	[ 12.049800, 12.053658 ]
	[ 12.049860, 12.053711 ]
	[ 12.049850, 12.053842 ]
	[ 12.049850, 12.053842 ]
	[ 12.049860, 12.053868 ]
	[ 12.049850, 12.053894 ]
	[ 12.049920, 12.054052 ]
	[ 12.049880, 12.053947 ]
	[ 12.049890, 12.053711 ]
	[ 12.049960, 12.053763 ]
	AVG[ 12.049872, 12.053829]
	STD DEV[ 0.000042, 0.000115]
---------------------------------------------------------------------------

14:19:09  06-23-21
	[ Pi meas V, 34401 meas V]
	[ 12.100140, 12.103234 ]
	[ 12.100130, 12.103312 ]
	[ 12.100150, 12.103444 ]
	[ 12.100200, 12.103417 ]
	[ 12.100200, 12.103653 ]
	[ 12.100160, 12.103627 ]
	[ 12.100180, 12.103207 ]
	[ 12.100200, 12.103234 ]
	[ 12.100170, 12.103496 ]
	[ 12.100080, 12.103417 ]
	AVG[ 12.100161, 12.103404]
	STD DEV[ 0.000036, 0.000151]
---------------------------------------------------------------------------

14:19:25  06-23-21
	[ Pi meas V, 34401 meas V]
	[ 12.149590, 12.153413 ]
	[ 12.149570, 12.153413 ]
	[ 12.149620, 12.153570 ]
	[ 12.149620, 12.153518 ]
	[ 12.149640, 12.153570 ]
	[ 12.149610, 12.153334 ]
	[ 12.149610, 12.153793 ]
	[ 12.149590, 12.153701 ]
	[ 12.149590, 12.153491 ]
	[ 12.149740, 12.153518 ]
	AVG[ 12.149618, 12.153532]
	STD DEV[ 0.000045, 0.000130]
---------------------------------------------------------------------------

14:19:41  06-23-21
	[ Pi meas V, 34401 meas V]
	[ 12.199870, 12.203303 ]
	[ 12.199890, 12.203080 ]
	[ 12.199970, 12.203185 ]
	[ 12.199940, 12.202949 ]
	[ 12.199930, 12.203316 ]
	[ 12.199950, 12.203290 ]
	[ 12.199940, 12.203106 ]
	[ 12.199990, 12.203185 ]
	[ 12.199940, 12.203133 ]
	[ 12.199860, 12.203185 ]
	AVG[ 12.199928, 12.203173]
	STD DEV[ 0.000040, 0.000108]
---------------------------------------------------------------------------

14:19:57  06-23-21
	[ Pi meas V, 34401 meas V]
	[ 12.249470, 12.253469 ]
	[ 12.249480, 12.253653 ]
	[ 12.249490, 12.253286 ]
	[ 12.249500, 12.253364 ]
	[ 12.249490, 12.253522 ]
	[ 12.249510, 12.253522 ]
	[ 12.249480, 12.253469 ]
	[ 12.249480, 12.253495 ]
	[ 12.249480, 12.253679 ]
	[ 12.249590, 12.253627 ]
	AVG[ 12.249497, 12.253509]
	STD DEV[ 0.000033, 0.000117]
---------------------------------------------------------------------------

14:20:14  06-23-21
	[ Pi meas V, 34401 meas V]
	[ 12.299790, 12.303675 ]
	[ 12.299780, 12.303465 ]
	[ 12.299810, 12.303360 ]
	[ 12.299820, 12.303412 ]
	[ 12.299820, 12.303412 ]
	[ 12.299810, 12.303622 ]
	[ 12.299800, 12.303255 ]
	[ 12.299830, 12.303333 ]
	[ 12.299800, 12.303438 ]
	[ 12.299800, 12.303386 ]
	AVG[ 12.299807, 12.303436]
	STD DEV[ 0.000014, 0.000120]
---------------------------------------------------------------------------

14:20:30  06-23-21
	[ Pi meas V, 34401 meas V]
	[ 12.349700, 12.353539 ]
	[ 12.349670, 12.353434 ]
	[ 12.349710, 12.353355 ]
	[ 12.349710, 12.353329 ]
	[ 12.349680, 12.353303 ]
	[ 12.349700, 12.353565 ]
	[ 12.349720, 12.353198 ]
	[ 12.349730, 12.353171 ]
	[ 12.349750, 12.353434 ]
	[ 12.349720, 12.353381 ]
	AVG[ 12.349709, 12.353371]
	STD DEV[ 0.000022, 0.000123]
---------------------------------------------------------------------------

14:20:46  06-23-21
	[ Pi meas V, 34401 meas V]
	[ 12.399640, 12.403167 ]
	[ 12.399610, 12.403259 ]
	[ 12.399640, 12.403298 ]
	[ 12.399660, 12.403364 ]
	[ 12.399640, 12.403075 ]
	[ 12.399680, 12.403128 ]
	[ 12.399640, 12.403495 ]
	[ 12.399670, 12.403377 ]
	[ 12.399680, 12.403272 ]
	[ 12.399650, 12.403364 ]
	AVG[ 12.399651, 12.403280]
	STD DEV[ 0.000021, 0.000122]
---------------------------------------------------------------------------

14:21:02  06-23-21
	[ Pi meas V, 34401 meas V]
	[ 12.449540, 12.453307 ]
	[ 12.449590, 12.453280 ]
	[ 12.449590, 12.453464 ]
	[ 12.449560, 12.453464 ]
	[ 12.449590, 12.453149 ]
	[ 12.449620, 12.453228 ]
	[ 12.449620, 12.453254 ]
	[ 12.449620, 12.453175 ]
	[ 12.449610, 12.452992 ]
	[ 12.449600, 12.453070 ]
	AVG[ 12.449594, 12.453238]
	STD DEV[ 0.000025, 0.000145]
---------------------------------------------------------------------------

14:21:18  06-23-21
	[ Pi meas V, 34401 meas V]
	[ 12.499850, 12.503564 ]
	[ 12.499870, 12.503302 ]
	[ 12.499870, 12.503774 ]
	[ 12.499880, 12.503722 ]
	[ 12.499880, 12.503433 ]
	[ 12.499900, 12.503459 ]
	[ 12.499900, 12.503486 ]
	[ 12.499870, 12.503486 ]
	[ 12.499870, 12.503276 ]
	[ 12.499850, 12.503407 ]
	AVG[ 12.499874, 12.503490]
	STD DEV[ 0.000016, 0.000152]
---------------------------------------------------------------------------

14:21:34  06-23-21
	[ Pi meas V, 34401 meas V]
	[ 12.549760, 12.552825 ]
	[ 12.549780, 12.552930 ]
	[ 12.549820, 12.553245 ]
	[ 12.549780, 12.553271 ]
	[ 12.549800, 12.553035 ]
	[ 12.549810, 12.553114 ]
	[ 12.549780, 12.553061 ]
	[ 12.549830, 12.553350 ]
	[ 12.549820, 12.552930 ]
	[ 12.549710, 12.552930 ]
	AVG[ 12.549789, 12.553069]
	STD DEV[ 0.000034, 0.000165]
---------------------------------------------------------------------------

14:21:50  06-23-21
	[ Pi meas V, 34401 meas V]
	[ 12.599310, 12.603767 ]
	[ 12.599340, 12.603649 ]
	[ 12.599340, 12.603347 ]
	[ 12.599330, 12.603439 ]
	[ 12.599380, 12.603479 ]
	[ 12.599340, 12.603505 ]
	[ 12.599380, 12.603216 ]
	[ 12.599400, 12.603347 ]
	[ 12.599400, 12.603623 ]
	[ 12.599500, 12.603479 ]
	AVG[ 12.599372, 12.603485]
	STD DEV[ 0.000052, 0.000155]
---------------------------------------------------------------------------

14:22:06  06-23-21
	[ Pi meas V, 34401 meas V]
	[ 12.649680, 12.654012 ]
	[ 12.649680, 12.653867 ]
	[ 12.649710, 12.653776 ]
	[ 12.649660, 12.653789 ]
	[ 12.649690, 12.653723 ]
	[ 12.649650, 12.653920 ]
	[ 12.649710, 12.653566 ]
	[ 12.649710, 12.653592 ]
	[ 12.649720, 12.653776 ]
	[ 12.649800, 12.653854 ]
	AVG[ 12.649701, 12.653788]
	STD DEV[ 0.000040, 0.000130]
---------------------------------------------------------------------------

14:22:22  06-23-21
	[ Pi meas V, 34401 meas V]
	[ 12.699930, 12.703509 ]
	[ 12.699930, 12.703404 ]
	[ 12.699970, 12.703273 ]
	[ 12.699980, 12.703299 ]
	[ 12.700000, 12.703299 ]
	[ 12.699980, 12.703587 ]
	[ 12.699970, 12.703115 ]
	[ 12.700000, 12.703168 ]
	[ 12.699990, 12.703325 ]
	[ 12.699870, 12.703325 ]
	AVG[ 12.699962, 12.703330]
	STD DEV[ 0.000039, 0.000135]
---------------------------------------------------------------------------

14:22:38  06-23-21
	[ Pi meas V, 34401 meas V]
	[ 12.749480, 12.753766 ]
	[ 12.749480, 12.753688 ]
	[ 12.749490, 12.753635 ]
	[ 12.749530, 12.753688 ]
	[ 12.749480, 12.753845 ]
	[ 12.749490, 12.753740 ]
	[ 12.749510, 12.753504 ]
	[ 12.749530, 12.753557 ]
	[ 12.749510, 12.753635 ]
	[ 12.749660, 12.753635 ]
	AVG[ 12.749516, 12.753670]
	STD DEV[ 0.000051, 0.000095]
---------------------------------------------------------------------------

14:22:54  06-23-21
	[ Pi meas V, 34401 meas V]
	[ 12.799850, 12.803211 ]
	[ 12.799810, 12.803211 ]
	[ 12.799860, 12.803421 ]
	[ 12.799830, 12.803395 ]
	[ 12.799870, 12.803106 ]
	[ 12.799860, 12.803132 ]
	[ 12.799890, 12.803185 ]
	[ 12.799880, 12.803185 ]
	[ 12.799850, 12.802975 ]
	[ 12.799750, 12.803054 ]
	AVG[ 12.799845, 12.803187]
	STD DEV[ 0.000038, 0.000131]
---------------------------------------------------------------------------

14:23:10  06-23-21
	[ Pi meas V, 34401 meas V]
	[ 12.849400, 12.853928 ]
	[ 12.849370, 12.854138 ]
	[ 12.849400, 12.853744 ]
	[ 12.849420, 12.853875 ]
	[ 12.849400, 12.854007 ]
	[ 12.849360, 12.853902 ]
	[ 12.849430, 12.853954 ]
	[ 12.849420, 12.853692 ]
	[ 12.849410, 12.854112 ]
	[ 12.849600, 12.854112 ]
	AVG[ 12.849421, 12.853947]
	STD DEV[ 0.000063, 0.000144]
---------------------------------------------------------------------------

14:23:26  06-23-21
	[ Pi meas V, 34401 meas V]
	[ 12.899900, 12.903950 ]
	[ 12.899900, 12.903897 ]
	[ 12.899920, 12.903687 ]
	[ 12.899940, 12.903661 ]
	[ 12.899930, 12.903635 ]
	[ 12.899910, 12.903687 ]
	[ 12.899970, 12.903556 ]
	[ 12.899940, 12.903556 ]
	[ 12.899920, 12.903845 ]
	[ 12.899950, 12.903818 ]
	AVG[ 12.899928, 12.903729]
	STD DEV[ 0.000021, 0.000132]
---------------------------------------------------------------------------

14:23:42  06-23-21
	[ Pi meas V, 34401 meas V]
	[ 12.999680, 13.003914 ]
	[ 12.999760, 13.003783 ]
	[ 12.999760, 13.003599 ]
	[ 12.999820, 13.003599 ]
	[ 12.999810, 13.003599 ]
	[ 12.999770, 13.003599 ]
	[ 12.999750, 13.003967 ]
	[ 12.999820, 13.003757 ]
	[ 12.999850, 13.003547 ]
	[ 12.999810, 13.003547 ]
	AVG[ 12.999783, 13.003691]
	STD DEV[ 0.000047, 0.000146]
---------------------------------------------------------------------------

14:23:58  06-23-21
	[ Pi meas V, 34401 meas V]
	[ 13.315240, 13.319839 ]
	[ 13.316450, 13.319577 ]
	[ 13.316070, 13.320521 ]
	[ 13.317200, 13.319288 ]
	[ 13.315610, 13.320285 ]
	[ 13.316620, 13.320390 ]
	[ 13.316480, 13.319734 ]
	[ 13.316200, 13.320574 ]
	[ 13.316280, 13.320574 ]
	[ 13.316130, 13.319629 ]
	AVG[ 13.316228, 13.320041]
	STD DEV[ 0.000511, 0.000455]
---------------------------------------------------------------------------

14:24:14  06-23-21
	[ Pi meas V, 34401 meas V]
	[ 13.316220, 13.319655 ]
	[ 13.315530, 13.319826 ]
	[ 13.315370, 13.319865 ]
	[ 13.315570, 13.319445 ]
	[ 13.316060, 13.320574 ]
	[ 13.315540, 13.320311 ]
	[ 13.316220, 13.319918 ]
	[ 13.315990, 13.320233 ]
	[ 13.316330, 13.320679 ]
	[ 13.314140, 13.320547 ]
	AVG[ 13.315697, 13.320106]
	STD DEV[ 0.000614, 0.000401]
---------------------------------------------------------------------------

14:24:31  06-23-21
	[ Pi meas V, 34401 meas V]
	[ 13.315280, 13.318685 ]
	[ 13.316560, 13.319367 ]
	[ 13.316740, 13.321413 ]
	[ 13.317050, 13.320495 ]
	[ 13.316180, 13.319708 ]
	[ 13.315570, 13.320941 ]
	[ 13.315680, 13.320889 ]
	[ 13.316780, 13.321387 ]
	[ 13.315560, 13.320075 ]
	[ 13.316510, 13.320757 ]
	AVG[ 13.316191, 13.320372]
	STD DEV[ 0.000592, 0.000852]
---------------------------------------------------------------------------

16:25:42  06-23-21
	[ Pi meas V, 34401 meas V]
	[ 0.099080, 0.100051 ]
	[ 0.099130, 0.100046 ]
	[ 0.099140, 0.100047 ]
	[ 0.099140, 0.100043 ]
	[ 0.099170, 0.100047 ]
	[ 0.099150, 0.100042 ]
	[ 0.099140, 0.100034 ]
	[ 0.099170, 0.100050 ]
	[ 0.099150, 0.100037 ]
	[ 0.099160, 0.100047 ]
	AVG[ 0.099143, 0.100044]
	STD DEV[ 0.000025, 0.000005]
---------------------------------------------------------------------------

16:25:57  06-23-21
	[ Pi meas V, 34401 meas V]
	[ 0.498980, 0.500260 ]
	[ 0.499140, 0.500259 ]
	[ 0.499190, 0.500265 ]
	[ 0.499220, 0.500267 ]
	[ 0.499240, 0.500264 ]
	[ 0.499260, 0.500262 ]
	[ 0.499270, 0.500251 ]
	[ 0.499280, 0.500259 ]
	[ 0.499270, 0.500259 ]
	[ 0.499290, 0.500268 ]
	AVG[ 0.499214, 0.500261]
	STD DEV[ 0.000089, 0.000005]
---------------------------------------------------------------------------

16:26:12  06-23-21
	[ Pi meas V, 34401 meas V]
	[ 0.998920, 1.000449 ]
	[ 0.999180, 1.000467 ]
	[ 0.999250, 1.000458 ]
	[ 0.999290, 1.000471 ]
	[ 0.999330, 1.000473 ]
	[ 0.999360, 1.000460 ]
	[ 0.999360, 1.000465 ]
	[ 0.999380, 1.000463 ]
	[ 0.999390, 1.000464 ]
	[ 0.999380, 1.000470 ]
	AVG[ 0.999284, 1.000464]
	STD DEV[ 0.000137, 0.000007]
---------------------------------------------------------------------------

16:26:27  06-23-21
	[ Pi meas V, 34401 meas V]
	[ 1.998320, 2.000655 ]
	[ 1.998910, 2.000690 ]
	[ 1.999120, 2.000671 ]
	[ 1.999200, 2.000679 ]
	[ 1.999260, 2.000664 ]
	[ 1.999290, 2.000666 ]
	[ 1.999330, 2.000632 ]
	[ 1.999360, 2.000655 ]
	[ 1.999360, 2.000684 ]
	[ 1.999390, 2.000681 ]
	AVG[ 1.999154, 2.000668]
	STD DEV[ 0.000310, 0.000016]
---------------------------------------------------------------------------

16:26:42  06-23-21
	[ Pi meas V, 34401 meas V]
	[ 2.998130, 3.000981 ]
	[ 2.998870, 3.000968 ]
	[ 2.999100, 3.000939 ]
	[ 2.999210, 3.000944 ]
	[ 2.999300, 3.000928 ]
	[ 2.999350, 3.000952 ]
	[ 2.999370, 3.000931 ]
	[ 2.999400, 3.000931 ]
	[ 2.999430, 3.000958 ]
	[ 2.999440, 3.000964 ]
	AVG[ 2.999160, 3.000949]
	STD DEV[ 0.000382, 0.000017]
---------------------------------------------------------------------------

16:26:57  06-23-21
	[ Pi meas V, 34401 meas V]
	[ 3.998060, 4.001278 ]
	[ 3.998890, 4.001282 ]
	[ 3.999150, 4.001301 ]
	[ 3.999280, 4.001304 ]
	[ 3.999370, 4.001275 ]
	[ 3.999420, 4.001265 ]
	[ 3.999470, 4.001267 ]
	[ 3.999490, 4.001283 ]
	[ 3.999530, 4.001294 ]
	[ 3.999530, 4.001315 ]
	AVG[ 3.999219, 4.001287]
	STD DEV[ 0.000430, 0.000016]
---------------------------------------------------------------------------

16:27:12  06-23-21
	[ Pi meas V, 34401 meas V]
	[ 4.998220, 5.001817 ]
	[ 4.999130, 5.001818 ]
	[ 4.999410, 5.001822 ]
	[ 4.999580, 5.001826 ]
	[ 4.999660, 5.001793 ]
	[ 4.999740, 5.001824 ]
	[ 4.999780, 5.001853 ]
	[ 4.999790, 5.001838 ]
	[ 4.999820, 5.001832 ]
	[ 4.999850, 5.001819 ]
	AVG[ 4.999498, 5.001824]
	STD DEV[ 0.000475, 0.000015]
---------------------------------------------------------------------------

16:27:27  06-23-21
	[ Pi meas V, 34401 meas V]
	[ 5.998240, 6.002208 ]
	[ 5.999200, 6.002166 ]
	[ 5.999490, 6.002189 ]
	[ 5.999620, 6.002173 ]
	[ 5.999740, 6.002175 ]
	[ 5.999800, 6.002152 ]
	[ 5.999840, 6.002205 ]
	[ 5.999900, 6.002208 ]
	[ 5.999920, 6.002158 ]
	[ 5.999930, 6.002173 ]
	AVG[ 5.999568, 6.002181]
	STD DEV[ 0.000493, 0.000020]
---------------------------------------------------------------------------

16:27:42  06-23-21
	[ Pi meas V, 34401 meas V]
	[ 6.998200, 7.002468 ]
	[ 6.999210, 7.002455 ]
	[ 6.999490, 7.002469 ]
	[ 6.999700, 7.002438 ]
	[ 6.999760, 7.002423 ]
	[ 6.999810, 7.002439 ]
	[ 6.999900, 7.002432 ]
	[ 6.999930, 7.002425 ]
	[ 6.999970, 7.002416 ]
	[ 6.999980, 7.002426 ]
	AVG[ 6.999595, 7.002439]
	STD DEV[ 0.000518, 0.000018]
---------------------------------------------------------------------------

16:27:57  06-23-21
	[ Pi meas V, 34401 meas V]
	[ 7.997500, 8.002463 ]
	[ 7.998550, 8.002482 ]
	[ 7.998870, 8.002469 ]
	[ 7.999060, 8.002498 ]
	[ 7.999170, 8.002490 ]
	[ 7.999200, 8.002490 ]
	[ 7.999280, 8.002477 ]
	[ 7.999330, 8.002472 ]
	[ 7.999390, 8.002459 ]
	[ 7.999350, 8.002486 ]
	AVG[ 7.998970, 8.002479]
	STD DEV[ 0.000547, 0.000012]
---------------------------------------------------------------------------

16:28:13  06-23-21
	[ Pi meas V, 34401 meas V]
	[ 8.998420, 9.002660 ]
	[ 8.999020, 9.002627 ]
	[ 8.999210, 9.002643 ]
	[ 8.999340, 9.002618 ]
	[ 8.999430, 9.002648 ]
	[ 8.999490, 9.002639 ]
	[ 8.999550, 9.002631 ]
	[ 8.999600, 9.002624 ]
	[ 8.999620, 9.002618 ]
	[ 8.999630, 9.002618 ]
	AVG[ 8.999331, 9.002632]
	STD DEV[ 0.000356, 0.000014]
---------------------------------------------------------------------------

16:28:29  06-23-21
	[ Pi meas V, 34401 meas V]
	[ 9.998360, 10.002495 ]
	[ 9.998940, 10.002542 ]
	[ 9.999180, 10.002566 ]
	[ 9.999360, 10.002534 ]
	[ 9.999430, 10.002534 ]
	[ 9.999510, 10.002541 ]
	[ 9.999520, 10.002563 ]
	[ 9.999590, 10.002510 ]
	[ 9.999620, 10.002526 ]
	[ 9.999530, 10.002555 ]
	AVG[ 9.999304, 10.002537]
	STD DEV[ 0.000372, 0.000021]
---------------------------------------------------------------------------

16:28:45  06-23-21
	[ Pi meas V, 34401 meas V]
	[ 10.498570, 10.503138 ]
	[ 10.498910, 10.503125 ]
	[ 10.499060, 10.503088 ]
	[ 10.499170, 10.503145 ]
	[ 10.499200, 10.503134 ]
	[ 10.499250, 10.503112 ]
	[ 10.499300, 10.503151 ]
	[ 10.499310, 10.503184 ]
	[ 10.499340, 10.503179 ]
	[ 10.499480, 10.503145 ]
	AVG[ 10.499159, 10.503140]
	STD DEV[ 0.000246, 0.000027]
---------------------------------------------------------------------------

16:29:01  06-23-21
	[ Pi meas V, 34401 meas V]
	[ 10.749480, 10.752995 ]
	[ 10.749660, 10.752976 ]
	[ 10.749760, 10.752998 ]
	[ 10.749800, 10.752988 ]
	[ 10.749890, 10.753012 ]
	[ 10.749900, 10.752968 ]
	[ 10.749900, 10.752983 ]
	[ 10.749950, 10.753014 ]
	[ 10.749990, 10.753005 ]
	[ 10.749880, 10.752976 ]
	AVG[ 10.749821, 10.752992]
	STD DEV[ 0.000146, 0.000015]
---------------------------------------------------------------------------

16:29:18  06-23-21
	[ Pi meas V, 34401 meas V]
	[ 10.999190, 11.003497 ]
	[ 10.999320, 11.003478 ]
	[ 10.999420, 11.003491 ]
	[ 10.999470, 11.003497 ]
	[ 10.999480, 11.003508 ]
	[ 10.999510, 11.003464 ]
	[ 10.999490, 11.003491 ]
	[ 10.999530, 11.003520 ]
	[ 10.999580, 11.003493 ]
	[ 10.999720, 11.003488 ]
	AVG[ 10.999471, 11.003492]
	STD DEV[ 0.000135, 0.000014]
---------------------------------------------------------------------------

16:29:34  06-23-21
	[ Pi meas V, 34401 meas V]
	[ 11.249620, 11.253556 ]
	[ 11.249830, 11.253564 ]
	[ 11.249880, 11.253587 ]
	[ 11.249900, 11.253546 ]
	[ 11.249960, 11.253559 ]
	[ 11.249930, 11.253583 ]
	[ 11.249990, 11.253588 ]
	[ 11.250010, 11.253578 ]
	[ 11.249970, 11.253578 ]
	[ 11.250020, 11.253601 ]
	AVG[ 11.249911, 11.253574]
	STD DEV[ 0.000112, 0.000016]
---------------------------------------------------------------------------

16:29:50  06-23-21
	[ Pi meas V, 34401 meas V]
	[ 11.499590, 11.503603 ]
	[ 11.499750, 11.503594 ]
	[ 11.499840, 11.503631 ]
	[ 11.499840, 11.503557 ]
	[ 11.499850, 11.503569 ]
	[ 11.499910, 11.503609 ]
	[ 11.499940, 11.503578 ]
	[ 11.499920, 11.503580 ]
	[ 11.499940, 11.503551 ]
	[ 11.499990, 11.503602 ]
	AVG[ 11.499857, 11.503588]
	STD DEV[ 0.000110, 0.000024]
---------------------------------------------------------------------------

16:30:06  06-23-21
	[ Pi meas V, 34401 meas V]
	[ 11.749520, 11.753294 ]
	[ 11.749690, 11.753259 ]
	[ 11.749750, 11.753259 ]
	[ 11.749830, 11.753293 ]
	[ 11.749880, 11.753277 ]
	[ 11.749930, 11.753261 ]
	[ 11.749920, 11.753298 ]
	[ 11.749910, 11.753288 ]
	[ 11.749960, 11.753285 ]
	[ 11.749820, 11.753272 ]
	AVG[ 11.749821, 11.753279]
	STD DEV[ 0.000129, 0.000015]
---------------------------------------------------------------------------

16:30:22  06-23-21
	[ Pi meas V, 34401 meas V]
	[ 11.899600, 11.903507 ]
	[ 11.899640, 11.903503 ]
	[ 11.899660, 11.903546 ]
	[ 11.899720, 11.903509 ]
	[ 11.899730, 11.903509 ]
	[ 11.899750, 11.903522 ]
	[ 11.899770, 11.903530 ]
	[ 11.899810, 11.903499 ]
	[ 11.899770, 11.903509 ]
	[ 11.899780, 11.903488 ]
	AVG[ 11.899723, 11.903512]
	STD DEV[ 0.000065, 0.000016]
---------------------------------------------------------------------------

16:30:38  06-23-21
	[ Pi meas V, 34401 meas V]
	[ 12.000220, 12.003899 ]
	[ 11.999950, 12.003584 ]
	[ 11.999930, 12.003545 ]
	[ 12.000000, 12.003794 ]
	[ 11.999990, 12.003374 ]
	[ 11.999980, 12.003453 ]
	[ 11.999960, 12.003650 ]
	[ 12.000010, 12.003558 ]
	[ 12.000010, 12.003558 ]
	[ 12.000030, 12.003584 ]
	AVG[ 12.000008, 12.003600]
	STD DEV[ 0.000076, 0.000144]
---------------------------------------------------------------------------

16:30:54  06-23-21
	[ Pi meas V, 34401 meas V]
	[ 12.049900, 12.053763 ]
	[ 12.049920, 12.053789 ]
	[ 12.049920, 12.053947 ]
	[ 12.049950, 12.053842 ]
	[ 12.049920, 12.053711 ]
	[ 12.049950, 12.053658 ]
	[ 12.049980, 12.053920 ]
	[ 12.049990, 12.053868 ]
	[ 12.049980, 12.053894 ]
	[ 12.050080, 12.053868 ]
	AVG[ 12.049959, 12.053826]
	STD DEV[ 0.000050, 0.000089]
---------------------------------------------------------------------------

16:31:10  06-23-21
	[ Pi meas V, 34401 meas V]
	[ 12.100210, 12.103680 ]
	[ 12.100200, 12.103890 ]
	[ 12.100250, 12.103785 ]
	[ 12.100250, 12.104073 ]
	[ 12.100220, 12.103680 ]
	[ 12.100240, 12.103732 ]
	[ 12.100240, 12.103916 ]
	[ 12.100240, 12.103785 ]
	[ 12.100270, 12.103837 ]
	[ 12.100230, 12.103522 ]
	AVG[ 12.100235, 12.103790]
	STD DEV[ 0.000020, 0.000144]
---------------------------------------------------------------------------

16:31:26  06-23-21
	[ Pi meas V, 34401 meas V]
	[ 12.150030, 12.153255 ]
	[ 12.150040, 12.153203 ]
	[ 12.150060, 12.152967 ]
	[ 12.150040, 12.153098 ]
	[ 12.150090, 12.153387 ]
	[ 12.150020, 12.153334 ]
	[ 12.150060, 12.153255 ]
	[ 12.150090, 12.153334 ]
	[ 12.150090, 12.153491 ]
	[ 12.149930, 12.153478 ]
	AVG[ 12.150045, 12.153280]
	STD DEV[ 0.000046, 0.000155]
---------------------------------------------------------------------------

16:31:42  06-23-21
	[ Pi meas V, 34401 meas V]
	[ 12.199610, 12.203657 ]
	[ 12.199620, 12.203343 ]
	[ 12.199590, 12.203671 ]
	[ 12.199600, 12.203671 ]
	[ 12.199600, 12.203487 ]
	[ 12.199610, 12.203592 ]
	[ 12.199640, 12.203539 ]
	[ 12.199590, 12.203802 ]
	[ 12.199660, 12.203369 ]
	[ 12.199750, 12.203487 ]
	AVG[ 12.199627, 12.203562]
	STD DEV[ 0.000046, 0.000137]
---------------------------------------------------------------------------

16:31:58  06-23-21
	[ Pi meas V, 34401 meas V]
	[ 12.249910, 12.252918 ]
	[ 12.249900, 12.252971 ]
	[ 12.249920, 12.253338 ]
	[ 12.249960, 12.253233 ]
	[ 12.249910, 12.253233 ]
	[ 12.249950, 12.253233 ]
	[ 12.249930, 12.253391 ]
	[ 12.249910, 12.253338 ]
	[ 12.249940, 12.253102 ]
	[ 12.249830, 12.253102 ]
	AVG[ 12.249916, 12.253186]
	STD DEV[ 0.000034, 0.000151]
---------------------------------------------------------------------------

16:32:14  06-23-21
	[ Pi meas V, 34401 meas V]
	[ 12.299440, 12.303281 ]
	[ 12.299500, 12.303360 ]
	[ 12.299500, 12.303517 ]
	[ 12.299510, 12.303438 ]
	[ 12.299480, 12.303530 ]
	[ 12.299530, 12.303150 ]
	[ 12.299510, 12.303648 ]
	[ 12.299480, 12.303648 ]
	[ 12.299490, 12.303360 ]
	[ 12.299600, 12.303438 ]
	AVG[ 12.299504, 12.303437]
	STD DEV[ 0.000039, 0.000149]
---------------------------------------------------------------------------

16:32:30  06-23-21
	[ Pi meas V, 34401 meas V]
	[ 12.349690, 12.353434 ]
	[ 12.349700, 12.353408 ]
	[ 12.349720, 12.353355 ]
	[ 12.349750, 12.353381 ]
	[ 12.349710, 12.353565 ]
	[ 12.349690, 12.353460 ]
	[ 12.349730, 12.353198 ]
	[ 12.349720, 12.353316 ]
	[ 12.349740, 12.353368 ]
	[ 12.349710, 12.353276 ]
	AVG[ 12.349716, 12.353376]
	STD DEV[ 0.000019, 0.000096]
---------------------------------------------------------------------------

16:32:46  06-23-21
	[ Pi meas V, 34401 meas V]
	[ 12.399610, 12.403652 ]
	[ 12.399640, 12.403665 ]
	[ 12.399650, 12.403692 ]
	[ 12.399630, 12.403954 ]
	[ 12.399640, 12.403547 ]
	[ 12.399680, 12.403626 ]
	[ 12.399660, 12.403770 ]
	[ 12.399730, 12.403692 ]
	[ 12.399680, 12.403665 ]
	[ 12.399810, 12.404033 ]
	AVG[ 12.399673, 12.403729]
	STD DEV[ 0.000056, 0.000143]
---------------------------------------------------------------------------

16:33:02  06-23-21
	[ Pi meas V, 34401 meas V]
	[ 12.449990, 12.453726 ]
	[ 12.450050, 12.453700 ]
	[ 12.450040, 12.453753 ]
	[ 12.450050, 12.453490 ]
	[ 12.450030, 12.453818 ]
	[ 12.450020, 12.453805 ]
	[ 12.450020, 12.453674 ]
	[ 12.450060, 12.453648 ]
	[ 12.450030, 12.453648 ]
	[ 12.450030, 12.453936 ]
	AVG[ 12.450032, 12.453720]
	STD DEV[ 0.000019, 0.000114]
---------------------------------------------------------------------------

16:33:19  06-23-21
	[ Pi meas V, 34401 meas V]
	[ 12.499830, 12.503617 ]
	[ 12.499870, 12.503564 ]
	[ 12.499880, 12.503302 ]
	[ 12.499870, 12.503459 ]
	[ 12.499930, 12.503696 ]
	[ 12.499970, 12.503617 ]
	[ 12.499970, 12.503538 ]
	[ 12.499970, 12.503617 ]
	[ 12.499950, 12.503827 ]
	[ 12.499930, 12.503774 ]
	AVG[ 12.499917, 12.503601]
	STD DEV[ 0.000048, 0.000144]
---------------------------------------------------------------------------

16:33:35  06-23-21
	[ Pi meas V, 34401 meas V]
	[ 12.550180, 12.553770 ]
	[ 12.550220, 12.553691 ]
	[ 12.550230, 12.553402 ]
	[ 12.550200, 12.553455 ]
	[ 12.550220, 12.553534 ]
	[ 12.550210, 12.553507 ]
	[ 12.550170, 12.553324 ]
	[ 12.550190, 12.553324 ]
	[ 12.550240, 12.553717 ]
	[ 12.550130, 12.553639 ]
	AVG[ 12.550199, 12.553536]
	STD DEV[ 0.000031, 0.000154]
---------------------------------------------------------------------------

16:33:51  06-23-21
	[ Pi meas V, 34401 meas V]
	[ 12.599740, 12.603715 ]
	[ 12.599730, 12.603505 ]
	[ 12.599750, 12.603492 ]
	[ 12.599730, 12.603426 ]
	[ 12.599770, 12.603728 ]
	[ 12.599790, 12.603610 ]
	[ 12.599760, 12.603360 ]
	[ 12.599760, 12.603242 ]
	[ 12.599750, 12.603544 ]
	[ 12.599800, 12.603400 ]
	AVG[ 12.599758, 12.603502]
	STD DEV[ 0.000022, 0.000146]
---------------------------------------------------------------------------

16:34:07  06-23-21
	[ Pi meas V, 34401 meas V]
	[ 12.650010, 12.653330 ]
	[ 12.650020, 12.653382 ]
	[ 12.650020, 12.653369 ]
	[ 12.650060, 12.653382 ]
	[ 12.650050, 12.653198 ]
	[ 12.650100, 12.653277 ]
	[ 12.650080, 12.653540 ]
	[ 12.650100, 12.653487 ]
	[ 12.650070, 12.653356 ]
	[ 12.649980, 12.653435 ]
	AVG[ 12.650049, 12.653376]
	STD DEV[ 0.000038, 0.000093]
---------------------------------------------------------------------------

16:34:23  06-23-21
	[ Pi meas V, 34401 meas V]
	[ 12.699940, 12.703850 ]
	[ 12.699910, 12.703745 ]
	[ 12.700000, 12.703719 ]
	[ 12.699980, 12.703745 ]
	[ 12.700010, 12.703955 ]
	[ 12.700000, 12.703902 ]
	[ 12.700000, 12.703640 ]
	[ 12.699980, 12.703666 ]
	[ 12.700010, 12.703692 ]
	[ 12.700010, 12.703587 ]
	AVG[ 12.699984, 12.703750]
	STD DEV[ 0.000032, 0.000112]
---------------------------------------------------------------------------

16:34:39  06-23-21
	[ Pi meas V, 34401 meas V]
	[ 12.749890, 12.753662 ]
	[ 12.749960, 12.753609 ]
	[ 12.749920, 12.753452 ]
	[ 12.749940, 12.753425 ]
	[ 12.749900, 12.753793 ]
	[ 12.749920, 12.753740 ]
	[ 12.749900, 12.753583 ]
	[ 12.749930, 12.753635 ]
	[ 12.749910, 12.753557 ]
	[ 12.749920, 12.753924 ]
	AVG[ 12.749919, 12.753638]
	STD DEV[ 0.000020, 0.000144]
---------------------------------------------------------------------------

16:34:55  06-23-21
	[ Pi meas V, 34401 meas V]
	[ 12.799800, 12.803368 ]
	[ 12.799830, 12.803421 ]
	[ 12.799880, 12.803709 ]
	[ 12.799890, 12.803709 ]
	[ 12.799870, 12.803618 ]
	[ 12.799900, 12.803631 ]
	[ 12.799890, 12.803526 ]
	[ 12.799900, 12.803814 ]
	[ 12.799860, 12.803460 ]
	[ 12.799910, 12.803513 ]
	AVG[ 12.799873, 12.803576]
	STD DEV[ 0.000033, 0.000136]
---------------------------------------------------------------------------

16:35:11  06-23-21
	[ Pi meas V, 34401 meas V]
	[ 12.849690, 12.853744 ]
	[ 12.849770, 12.853797 ]
	[ 12.849740, 12.854033 ]
	[ 12.849740, 12.853902 ]
	[ 12.849760, 12.853902 ]
	[ 12.849810, 12.853836 ]
	[ 12.849780, 12.854164 ]
	[ 12.849750, 12.854085 ]
	[ 12.849760, 12.853797 ]
	[ 12.849890, 12.853928 ]
	AVG[ 12.849769, 12.853919]
	STD DEV[ 0.000050, 0.000130]
---------------------------------------------------------------------------

16:35:27  06-23-21
	[ Pi meas V, 34401 meas V]
	[ 12.899840, 12.903189 ]
	[ 12.899900, 12.903241 ]
	[ 12.899920, 12.903372 ]
	[ 12.899900, 12.903320 ]
	[ 12.899910, 12.903399 ]
	[ 12.899960, 12.903189 ]
	[ 12.899960, 12.903110 ]
	[ 12.899940, 12.903215 ]
	[ 12.899920, 12.903372 ]
	[ 12.899810, 12.903294 ]
	AVG[ 12.899906, 12.903270]
	STD DEV[ 0.000046, 0.000091]
---------------------------------------------------------------------------

16:35:43  06-23-21
	[ Pi meas V, 34401 meas V]
	[ 12.999340, 13.003416 ]
	[ 12.999390, 13.003547 ]
	[ 12.999430, 13.003599 ]
	[ 12.999400, 13.003626 ]
	[ 12.999430, 13.003626 ]
	[ 12.999460, 13.003862 ]
	[ 12.999450, 13.003442 ]
	[ 12.999430, 13.003494 ]
	[ 12.999460, 13.003678 ]
	[ 12.999540, 13.003389 ]
	AVG[ 12.999433, 13.003568]
	STD DEV[ 0.000050, 0.000135]
---------------------------------------------------------------------------

16:35:59  06-23-21
	[ Pi meas V, 34401 meas V]
	[ 13.317550, 13.322043 ]
	[ 13.317250, 13.322646 ]
	[ 13.316540, 13.322095 ]
	[ 13.317150, 13.321649 ]
	[ 13.316850, 13.321256 ]
	[ 13.316430, 13.322227 ]
	[ 13.317560, 13.322069 ]
	[ 13.318020, 13.321807 ]
	[ 13.317390, 13.322200 ]
	[ 13.316810, 13.319970 ]
	AVG[ 13.317155, 13.321796]
	STD DEV[ 0.000474, 0.000703]
---------------------------------------------------------------------------

16:36:15  06-23-21
	[ Pi meas V, 34401 meas V]
	[ 13.317950, 13.318947 ]
	[ 13.316320, 13.319367 ]
	[ 13.316030, 13.319918 ]
	[ 13.316070, 13.320233 ]
	[ 13.315970, 13.320915 ]
	[ 13.316370, 13.321807 ]
	[ 13.316120, 13.320652 ]
	[ 13.316730, 13.321230 ]
	[ 13.316950, 13.321439 ]
	[ 13.315530, 13.320075 ]
	AVG[ 13.316404, 13.320458]
	STD DEV[ 0.000639, 0.000871]
---------------------------------------------------------------------------

16:36:31  06-23-21
	[ Pi meas V, 34401 meas V]
	[ 13.315450, 13.319682 ]
	[ 13.315840, 13.320652 ]
	[ 13.315760, 13.321964 ]
	[ 12.999430, 13.321466 ]
	[ 13.316880, 13.321256 ]
	[ 13.316520, 13.320233 ]
	[ 13.316280, 13.318921 ]
	[ 13.315940, 13.321151 ]
	[ 13.314490, 13.319577 ]
	AVG[ 13.280732, 13.320518]
	STD DEV[ 0.099458, 0.000907]
---------------------------------------------------------------------------

11:11:59  06-24-21
	[ Pi meas V, 34401 meas V]
	[ 0.098990, 0.100061 ]
	[ 0.099030, 0.100046 ]
	[ 0.099060, 0.100055 ]
	[ 0.099070, 0.100057 ]
	[ 0.099070, 0.100054 ]
	[ 0.099080, 0.100055 ]
	[ 0.099080, 0.100051 ]
	[ 0.099080, 0.100070 ]
	[ 0.099090, 0.100050 ]
	[ 0.099090, 0.100051 ]
	AVG[ 0.099064, 0.100055]
	STD DEV[ 0.000030, 0.000006]
---------------------------------------------------------------------------

11:12:14  06-24-21
	[ Pi meas V, 34401 meas V]
	[ 0.499010, 0.500280 ]
	[ 0.499120, 0.500266 ]
	[ 0.499150, 0.500277 ]
	[ 0.499180, 0.500262 ]
	[ 0.499190, 0.500285 ]
	[ 0.499200, 0.500265 ]
	[ 0.499220, 0.500270 ]
	[ 0.499220, 0.500271 ]
	[ 0.499220, 0.500269 ]
	[ 0.499240, 0.500271 ]
	AVG[ 0.499175, 0.500272]
	STD DEV[ 0.000065, 0.000007]
---------------------------------------------------------------------------

11:12:29  06-24-21
	[ Pi meas V, 34401 meas V]
	[ 0.998960, 1.000479 ]
	[ 0.999180, 1.000482 ]
	[ 0.999250, 1.000488 ]
	[ 0.999290, 1.000460 ]
	[ 0.999310, 1.000465 ]
	[ 0.999340, 1.000473 ]
	[ 0.999340, 1.000479 ]
	[ 0.999340, 1.000473 ]
	[ 0.999360, 1.000474 ]
	[ 0.999370, 1.000492 ]
	AVG[ 0.999274, 1.000476]
	STD DEV[ 0.000118, 0.000009]
---------------------------------------------------------------------------

11:12:44  06-24-21
	[ Pi meas V, 34401 meas V]
	[ 1.998380, 2.000674 ]
	[ 1.998930, 2.000668 ]
	[ 1.999100, 2.000687 ]
	[ 1.999200, 2.000692 ]
	[ 1.999250, 2.000674 ]
	[ 1.999270, 2.000666 ]
	[ 1.999310, 2.000702 ]
	[ 1.999330, 2.000705 ]
	[ 1.999370, 2.000695 ]
	AVG[ 1.999127, 2.000687]
	STD DEV[ 0.000293, 0.000015]
---------------------------------------------------------------------------

11:13:00  06-24-21
	[ Pi meas V, 34401 meas V]
	[ 2.998180, 3.000988 ]
	[ 2.998870, 3.001025 ]
	[ 2.999100, 3.000968 ]
	[ 2.999210, 3.000999 ]
	[ 2.999280, 3.000986 ]
	[ 2.999340, 3.000978 ]
	[ 2.999370, 3.000991 ]
	[ 2.999400, 3.000969 ]
	[ 2.999420, 3.000965 ]
	[ 2.999430, 3.000970 ]
	AVG[ 2.999160, 3.000984]
	STD DEV[ 0.000366, 0.000018]
---------------------------------------------------------------------------

11:13:15  06-24-21
	[ Pi meas V, 34401 meas V]
	[ 3.998140, 4.001285 ]
	[ 3.998930, 4.001304 ]
	[ 3.999160, 4.001299 ]
	[ 3.999290, 4.001328 ]
	[ 3.999380, 4.001283 ]
	[ 3.999440, 4.001296 ]
	[ 3.999440, 4.001311 ]
	[ 3.999470, 4.001291 ]
	[ 3.999510, 4.001304 ]
	[ 3.999510, 4.001280 ]
	AVG[ 3.999227, 4.001298]
	STD DEV[ 0.000401, 0.000014]
---------------------------------------------------------------------------

11:13:30  06-24-21
	[ Pi meas V, 34401 meas V]
	[ 4.998270, 5.001819 ]
	[ 4.999150, 5.001824 ]
	[ 4.999420, 5.001838 ]
	[ 4.999560, 5.001834 ]
	[ 4.999620, 5.001853 ]
	[ 4.999700, 5.001823 ]
	[ 4.999740, 5.001861 ]
	[ 4.999760, 5.001865 ]
	[ 4.999810, 5.001843 ]
	[ 4.999840, 5.001850 ]
	AVG[ 4.999487, 5.001841]
	STD DEV[ 0.000451, 0.000015]
---------------------------------------------------------------------------

11:13:45  06-24-21
	[ Pi meas V, 34401 meas V]
	[ 5.998270, 6.002200 ]
	[ 5.999210, 6.002214 ]
	[ 5.999500, 6.002226 ]
	[ 5.999660, 6.002225 ]
	[ 5.999740, 6.002205 ]
	[ 5.999800, 6.002212 ]
	[ 5.999870, 6.002201 ]
	[ 5.999900, 6.002198 ]
	[ 5.999910, 6.002182 ]
	[ 5.999940, 6.002192 ]
	AVG[ 5.999580, 6.002205]
	STD DEV[ 0.000486, 0.000013]
---------------------------------------------------------------------------

11:14:00  06-24-21
	[ Pi meas V, 34401 meas V]
	[ 6.998200, 7.002480 ]
	[ 6.999190, 7.002472 ]
	[ 6.999510, 7.002458 ]
	[ 6.999710, 7.002444 ]
	[ 6.999790, 7.002458 ]
	[ 6.999840, 7.002450 ]
	[ 6.999870, 7.002484 ]
	[ 6.999910, 7.002468 ]
	[ 6.999930, 7.002468 ]
	[ 6.999940, 7.002455 ]
	AVG[ 6.999589, 7.002463]
	STD DEV[ 0.000513, 0.000012]
---------------------------------------------------------------------------

11:14:15  06-24-21
	[ Pi meas V, 34401 meas V]
	[ 7.997910, 8.002491 ]
	[ 7.998930, 8.002480 ]
	[ 7.999270, 8.002503 ]
	[ 7.999440, 8.002529 ]
	[ 7.999490, 8.002529 ]
	[ 7.999590, 8.002524 ]
	[ 7.999690, 8.002535 ]
	[ 7.999680, 8.002545 ]
	[ 7.999760, 8.002515 ]
	[ 7.999750, 8.002527 ]
	AVG[ 7.999351, 8.002518]
	STD DEV[ 0.000538, 0.000020]
---------------------------------------------------------------------------

11:14:31  06-24-21
	[ Pi meas V, 34401 meas V]
	[ 8.998410, 9.002624 ]
	[ 8.998990, 9.002640 ]
	[ 8.999210, 9.002682 ]
	[ 8.999370, 9.002687 ]
	[ 8.999430, 9.002687 ]
	[ 8.999490, 9.002694 ]
	[ 8.999540, 9.002677 ]
	[ 8.999560, 9.002702 ]
	[ 8.999590, 9.002655 ]
	[ 8.999630, 9.002684 ]
	AVG[ 8.999322, 9.002673]
	STD DEV[ 0.000356, 0.000024]
---------------------------------------------------------------------------

11:14:47  06-24-21
	[ Pi meas V, 34401 meas V]
	[ 9.998340, 10.002962 ]
	[ 9.998910, 10.002969 ]
	[ 9.999190, 10.002977 ]
	[ 9.999310, 10.002976 ]
	[ 9.999420, 10.002997 ]
	[ 9.999450, 10.002961 ]
	[ 9.999530, 10.002962 ]
	[ 9.999550, 10.002969 ]
	[ 9.999600, 10.002961 ]
	[ 9.999600, 10.002959 ]
	AVG[ 9.999290, 10.002970]
	STD DEV[ 0.000377, 0.000011]
---------------------------------------------------------------------------

11:15:03  06-24-21
	[ Pi meas V, 34401 meas V]
	[ 10.498900, 10.503132 ]
	[ 10.499230, 10.503121 ]
	[ 10.499390, 10.503157 ]
	[ 10.499480, 10.503095 ]
	[ 10.499530, 10.503104 ]
	[ 10.499590, 10.503126 ]
	[ 10.499620, 10.503113 ]
	[ 10.499620, 10.503108 ]
	[ 10.499640, 10.503145 ]
	[ 10.499660, 10.503159 ]
	AVG[ 10.499466, 10.503126]
	STD DEV[ 0.000227, 0.000021]
---------------------------------------------------------------------------

11:15:19  06-24-21
	[ Pi meas V, 34401 meas V]
	[ 10.749400, 10.753365 ]
	[ 10.749650, 10.753377 ]
	[ 10.749740, 10.753391 ]
	[ 10.749760, 10.753357 ]
	[ 10.749810, 10.753361 ]
	[ 10.749860, 10.753397 ]
	[ 10.749850, 10.753397 ]
	[ 10.749890, 10.753352 ]
	[ 10.749910, 10.753386 ]
	[ 10.749900, 10.753389 ]
	AVG[ 10.749777, 10.753377]
	STD DEV[ 0.000148, 0.000016]
---------------------------------------------------------------------------

11:15:35  06-24-21
	[ Pi meas V, 34401 meas V]
	[ 10.999500, 11.003869 ]
	[ 10.999700, 11.003922 ]
	[ 10.999760, 11.003877 ]
	[ 10.999820, 11.003849 ]
	[ 10.999890, 11.003856 ]
	[ 10.999880, 11.003856 ]
	[ 10.999870, 11.003867 ]
	[ 10.999920, 11.003849 ]
	[ 10.999990, 11.003864 ]
	[ 11.000040, 11.003882 ]
	AVG[ 10.999837, 11.003869]
	STD DEV[ 0.000147, 0.000021]
---------------------------------------------------------------------------

11:15:51  06-24-21
	[ Pi meas V, 34401 meas V]
	[ 11.249960, 11.253572 ]
	[ 11.250120, 11.253567 ]
	[ 11.250230, 11.253535 ]
	[ 11.250190, 11.253556 ]
	[ 11.250270, 11.253580 ]
	[ 11.250320, 11.253560 ]
	[ 11.250330, 11.253526 ]
	[ 11.250360, 11.253572 ]
	[ 11.250360, 11.253576 ]
	[ 11.250250, 11.253567 ]
	AVG[ 11.250238, 11.253561]
	STD DEV[ 0.000118, 0.000017]
---------------------------------------------------------------------------

11:16:07  06-24-21
	[ Pi meas V, 34401 meas V]
	[ 11.499040, 11.503549 ]
	[ 11.499260, 11.503587 ]
	[ 11.499320, 11.503580 ]
	[ 11.499350, 11.503566 ]
	[ 11.499370, 11.503556 ]
	[ 11.499440, 11.503563 ]
	[ 11.499470, 11.503559 ]
	[ 11.499460, 11.503536 ]
	[ 11.499490, 11.503520 ]
	[ 11.499600, 11.503552 ]
	AVG[ 11.499380, 11.503557]
	STD DEV[ 0.000146, 0.000019]
---------------------------------------------------------------------------

11:16:23  06-24-21
	[ Pi meas V, 34401 meas V]
	[ 11.749450, 11.753625 ]
	[ 11.749620, 11.753633 ]
	[ 11.749680, 11.753631 ]
	[ 11.749730, 11.753587 ]
	[ 11.749770, 11.753628 ]
	[ 11.749780, 11.753637 ]
	[ 11.749790, 11.753627 ]
	[ 11.749840, 11.753628 ]
	[ 11.749880, 11.753643 ]
	[ 11.749890, 11.753608 ]
	AVG[ 11.749743, 11.753625]
	STD DEV[ 0.000126, 0.000015]
---------------------------------------------------------------------------

11:16:39  06-24-21
	[ Pi meas V, 34401 meas V]
	[ 11.899440, 11.903504 ]
	[ 11.899540, 11.903486 ]
	[ 11.899600, 11.903499 ]
	[ 11.899650, 11.903546 ]
	[ 11.899650, 11.903541 ]
	[ 11.899650, 11.903512 ]
	[ 11.899710, 11.903512 ]
	[ 11.899700, 11.903554 ]
	[ 11.899700, 11.903509 ]
	[ 11.899720, 11.903486 ]
	AVG[ 11.899636, 11.903515]
	STD DEV[ 0.000084, 0.000023]
---------------------------------------------------------------------------

11:16:55  06-24-21
	[ Pi meas V, 34401 meas V]
	[ 11.999800, 12.003899 ]
	[ 11.999830, 12.003427 ]
	[ 11.999850, 12.003663 ]
	[ 11.999880, 12.003531 ]
	[ 11.999900, 12.003610 ]
	[ 11.999970, 12.003584 ]
	[ 11.999950, 12.003768 ]
	[ 11.999970, 12.003636 ]
	[ 11.999960, 12.003453 ]
	[ 11.999940, 12.003558 ]
	AVG[ 11.999905, 12.003613]
	STD DEV[ 0.000059, 0.000134]
---------------------------------------------------------------------------

11:17:12  06-24-21
	[ Pi meas V, 34401 meas V]
	[ 12.049820, 12.053868 ]
	[ 12.049860, 12.054078 ]
	[ 12.049890, 12.053737 ]
	[ 12.049870, 12.053789 ]
	[ 12.049890, 12.053947 ]
	[ 12.049910, 12.053920 ]
	[ 12.049910, 12.053842 ]
	[ 12.049880, 12.053737 ]
	[ 12.049910, 12.054130 ]
	[ 12.050030, 12.053947 ]
	AVG[ 12.049896, 12.053900]
	STD DEV[ 0.000052, 0.000126]
---------------------------------------------------------------------------

11:17:28  06-24-21
	[ Pi meas V, 34401 meas V]
	[ 12.100120, 12.103653 ]
	[ 12.100130, 12.103549 ]
	[ 12.100150, 12.103286 ]
	[ 12.100170, 12.103365 ]
	[ 12.100140, 12.103444 ]
	[ 12.100140, 12.103365 ]
	[ 12.100200, 12.103181 ]
	[ 12.100210, 12.103286 ]
	[ 12.100160, 12.103575 ]
	[ 12.100140, 12.103496 ]
	AVG[ 12.100156, 12.103420]
	STD DEV[ 0.000028, 0.000142]
---------------------------------------------------------------------------

11:17:44  06-24-21
	[ Pi meas V, 34401 meas V]
	[ 12.149970, 12.153413 ]
	[ 12.149990, 12.153518 ]
	[ 12.149970, 12.153728 ]
	[ 12.150010, 12.153623 ]
	[ 12.150010, 12.153623 ]
	[ 12.150020, 12.153649 ]
	[ 12.150030, 12.153859 ]
	[ 12.150040, 12.153780 ]
	[ 12.149990, 12.153557 ]
	[ 12.150040, 12.153636 ]
	AVG[ 12.150007, 12.153639]
	STD DEV[ 0.000025, 0.000122]
---------------------------------------------------------------------------

11:18:00  06-24-21
	[ Pi meas V, 34401 meas V]
	[ 12.199930, 12.204130 ]
	[ 12.199930, 12.203999 ]
	[ 12.199910, 12.203999 ]
	[ 12.199930, 12.204012 ]
	[ 12.199940, 12.204195 ]
	[ 12.199930, 12.204169 ]
	[ 12.200000, 12.203828 ]
	[ 12.199970, 12.203907 ]
	[ 12.199960, 12.203972 ]
	[ 12.200070, 12.204025 ]
	AVG[ 12.199957, 12.204023]
	STD DEV[ 0.000045, 0.000109]
---------------------------------------------------------------------------

11:18:16  06-24-21
	[ Pi meas V, 34401 meas V]
	[ 12.250290, 12.253574 ]
	[ 12.250250, 12.253495 ]
	[ 12.250260, 12.253391 ]
	[ 12.250320, 12.253391 ]
	[ 12.250290, 12.253732 ]
	[ 12.250290, 12.253679 ]
	[ 12.250340, 12.253548 ]
	[ 12.250310, 12.253548 ]
	[ 12.250300, 12.253495 ]
	[ 12.250200, 12.253784 ]
	AVG[ 12.250285, 12.253564]
	STD DEV[ 0.000038, 0.000126]
---------------------------------------------------------------------------

11:18:32  06-24-21
	[ Pi meas V, 34401 meas V]
	[ 12.299810, 12.303438 ]
	[ 12.299840, 12.303675 ]
	[ 12.299830, 12.303333 ]
	[ 12.299830, 12.303360 ]
	[ 12.299840, 12.303543 ]
	[ 12.299840, 12.303465 ]
	[ 12.299900, 12.303543 ]
	[ 12.299880, 12.303517 ]
	[ 12.299900, 12.303701 ]
	[ 12.299880, 12.303701 ]
	AVG[ 12.299855, 12.303528]
	STD DEV[ 0.000030, 0.000127]
---------------------------------------------------------------------------

11:18:48  06-24-21
	[ Pi meas V, 34401 meas V]
	[ 12.350150, 12.353145 ]
	[ 12.350160, 12.353171 ]
	[ 12.350170, 12.353539 ]
	[ 12.350190, 12.353513 ]
	[ 12.350130, 12.353460 ]
	[ 12.350180, 12.353486 ]
	[ 12.350180, 12.353329 ]
	[ 12.350190, 12.353670 ]
	[ 12.350170, 12.353303 ]
	[ 12.350060, 12.353329 ]
	AVG[ 12.350158, 12.353395]
	STD DEV[ 0.000037, 0.000159]
---------------------------------------------------------------------------

11:19:04  06-24-21
	[ Pi meas V, 34401 meas V]
	[ 12.399660, 12.404321 ]
	[ 12.399710, 12.404229 ]
	[ 12.399680, 12.404111 ]
	[ 12.399690, 12.404151 ]
	[ 12.399670, 12.404072 ]
	[ 12.399680, 12.404295 ]
	[ 12.399680, 12.404020 ]
	[ 12.399710, 12.403980 ]
	[ 12.399700, 12.404216 ]
	[ 12.399910, 12.404177 ]
	AVG[ 12.399709, 12.404158]
	STD DEV[ 0.000069, 0.000107]
---------------------------------------------------------------------------

11:19:20  06-24-21
	[ Pi meas V, 34401 meas V]
	[ 12.450370, 12.453569 ]
	[ 12.450390, 12.453621 ]
	[ 12.450360, 12.453700 ]
	[ 12.450390, 12.453700 ]
	[ 12.450380, 12.453438 ]
	[ 12.450370, 12.453516 ]
	[ 12.450360, 12.453805 ]
	[ 12.450360, 12.453779 ]
	[ 12.450390, 12.453726 ]
	[ 12.450300, 12.453779 ]
	AVG[ 12.450367, 12.453663]
	STD DEV[ 0.000025, 0.000117]
---------------------------------------------------------------------------

11:19:36  06-24-21
	[ Pi meas V, 34401 meas V]
	[ 12.499890, 12.503696 ]
	[ 12.499890, 12.503617 ]
	[ 12.499930, 12.503669 ]
	[ 12.499900, 12.503381 ]
	[ 12.499900, 12.503801 ]
	[ 12.499920, 12.503748 ]
	[ 12.499870, 12.503564 ]
	[ 12.499910, 12.503577 ]
	[ 12.499930, 12.503617 ]
	[ 12.499900, 12.503538 ]
	AVG[ 12.499905, 12.503621]
	STD DEV[ 0.000018, 0.000112]
---------------------------------------------------------------------------

11:19:52  06-24-21
	[ Pi meas V, 34401 meas V]
	[ 12.549860, 12.553639 ]
	[ 12.549880, 12.553534 ]
	[ 12.549840, 12.553612 ]
	[ 12.549840, 12.553376 ]
	[ 12.549850, 12.553717 ]
	[ 12.549850, 12.553665 ]
	[ 12.549840, 12.553586 ]
	[ 12.549850, 12.553612 ]
	[ 12.549860, 12.553586 ]
	[ 12.549890, 12.553324 ]
	AVG[ 12.549856, 12.553565]
	STD DEV[ 0.000016, 0.000118]
---------------------------------------------------------------------------

11:20:08  06-24-21
	[ Pi meas V, 34401 meas V]
	[ 12.599770, 12.603649 ]
	[ 12.599780, 12.603295 ]
	[ 12.599800, 12.603636 ]
	[ 12.599800, 12.603649 ]
	[ 12.599830, 12.603400 ]
	[ 12.599800, 12.603465 ]
	[ 12.599830, 12.603505 ]
	[ 12.599840, 12.603741 ]
	[ 12.599770, 12.603308 ]
	[ 12.599820, 12.603374 ]
	AVG[ 12.599804, 12.603502]
	STD DEV[ 0.000024, 0.000151]
---------------------------------------------------------------------------

11:20:24  06-24-21
	[ Pi meas V, 34401 meas V]
	[ 12.649720, 12.653723 ]
	[ 12.649700, 12.653644 ]
	[ 12.649730, 12.653382 ]
	[ 12.649710, 12.653408 ]
	[ 12.649760, 12.653513 ]
	[ 12.649790, 12.653461 ]
	[ 12.649760, 12.653461 ]
	[ 12.649730, 12.653303 ]
	[ 12.649830, 12.653618 ]
	[ 12.649750, 12.653513 ]
	AVG[ 12.649748, 12.653502]
	STD DEV[ 0.000037, 0.000122]
---------------------------------------------------------------------------

11:20:40  06-24-21
	[ Pi meas V, 34401 meas V]
	[ 12.699590, 12.703640 ]
	[ 12.699670, 12.703535 ]
	[ 12.699670, 12.703246 ]
	[ 12.699670, 12.703299 ]
	[ 12.699660, 12.703378 ]
	[ 12.699660, 12.703404 ]
	[ 12.699700, 12.703168 ]
	[ 12.699690, 12.703220 ]
	[ 12.699660, 12.703404 ]
	[ 12.699630, 12.703404 ]
	AVG[ 12.699660, 12.703370]
	STD DEV[ 0.000029, 0.000137]
---------------------------------------------------------------------------

11:20:56  06-24-21
	[ Pi meas V, 34401 meas V]
	[ 12.749580, 12.753924 ]
	[ 12.749560, 12.753714 ]
	[ 12.749560, 12.753609 ]
	[ 12.749570, 12.753662 ]
	[ 12.749560, 12.753714 ]
	[ 12.749590, 12.753688 ]
	[ 12.749580, 12.753452 ]
	[ 12.749600, 12.753530 ]
	[ 12.749530, 12.753793 ]
	[ 12.749650, 12.753688 ]
	AVG[ 12.749578, 12.753677]
	STD DEV[ 0.000030, 0.000124]
---------------------------------------------------------------------------

11:21:12  06-24-21
	[ Pi meas V, 34401 meas V]
	[ 12.799860, 12.803578 ]
	[ 12.799870, 12.803604 ]
	[ 12.799900, 12.803631 ]
	[ 12.799920, 12.803604 ]
	[ 12.799940, 12.803972 ]
	[ 12.799950, 12.803762 ]
	[ 12.799940, 12.803500 ]
	[ 12.799910, 12.803604 ]
	[ 12.799930, 12.803631 ]
	[ 12.799940, 12.803657 ]
	AVG[ 12.799916, 12.803655]
	STD DEV[ 0.000029, 0.000123]
---------------------------------------------------------------------------

11:21:29  06-24-21
	[ Pi meas V, 34401 meas V]
	[ 12.849780, 12.854112 ]
	[ 12.849800, 12.854085 ]
	[ 12.849830, 12.854020 ]
	[ 12.849810, 12.853705 ]
	[ 12.849810, 12.854177 ]
	[ 12.849870, 12.854138 ]
	[ 12.849860, 12.853928 ]
	[ 12.849830, 12.854007 ]
	[ 12.849840, 12.853980 ]
	[ 12.849950, 12.853941 ]
	AVG[ 12.849838, 12.854010]
	STD DEV[ 0.000045, 0.000129]
---------------------------------------------------------------------------

11:21:45  06-24-21
	[ Pi meas V, 34401 meas V]
	[ 12.899970, 12.903818 ]
	[ 12.900020, 12.904028 ]
	[ 12.900010, 12.903608 ]
	[ 12.900010, 12.903713 ]
	[ 12.900010, 12.903897 ]
	[ 12.900000, 12.903871 ]
	[ 12.900030, 12.903792 ]
	[ 12.900000, 12.903845 ]
	[ 12.900040, 12.904081 ]
	[ 12.900040, 12.904002 ]
	AVG[ 12.900013, 12.903866]
	STD DEV[ 0.000020, 0.000138]
---------------------------------------------------------------------------

11:22:01  06-24-21
	[ Pi meas V, 34401 meas V]
	[ 12.999830, 13.003730 ]
	[ 12.999840, 13.003993 ]
	[ 12.999880, 13.003547 ]
	[ 12.999850, 13.003573 ]
	[ 12.999880, 13.003783 ]
	[ 12.999870, 13.003730 ]
	[ 12.999940, 13.003809 ]
	[ 12.999950, 13.003521 ]
	[ 12.999930, 13.003494 ]
	[ 12.999900, 13.003626 ]
	AVG[ 12.999887, 13.003680]
	STD DEV[ 0.000040, 0.000149]
---------------------------------------------------------------------------

11:22:17  06-24-21
	[ Pi meas V, 34401 meas V]
	[ 13.315970, 13.320915 ]
	[ 13.315230, 13.319970 ]
	[ 13.316280, 13.319970 ]
	[ 13.315920, 13.318501 ]
	[ 13.316930, 13.320679 ]
	[ 13.316830, 13.320784 ]
	[ 13.316230, 13.321203 ]
	[ 13.317170, 13.320967 ]
	[ 13.316360, 13.320889 ]
	[ 13.315980, 13.320889 ]
	AVG[ 13.316290, 13.320477]
	STD DEV[ 0.000542, 0.000765]
---------------------------------------------------------------------------

11:22:33  06-24-21
	[ Pi meas V, 34401 meas V]
	[ 13.316020, 13.319314 ]
	[ 13.315860, 13.319787 ]
	[ 13.316910, 13.318737 ]
	[ 13.316800, 13.320652 ]
	[ 13.316470, 13.318685 ]
	[ 13.315910, 13.319419 ]
	[ 13.315870, 13.320705 ]
	[ 13.316400, 13.320154 ]
	[ 13.315630, 13.320993 ]
	[ 13.316220, 13.320233 ]
	AVG[ 13.316209, 13.319868]
	STD DEV[ 0.000405, 0.000774]
---------------------------------------------------------------------------

11:22:49  06-24-21
	[ Pi meas V, 34401 meas V]
	[ 13.316750, 13.320574 ]
	[ 13.316990, 13.319813 ]
	[ 13.315410, 13.320364 ]
	[ 13.315850, 13.319288 ]
	[ 13.315510, 13.319341 ]
	[ 13.316610, 13.319629 ]
	[ 13.316070, 13.319419 ]
	[ 13.316850, 13.319262 ]
	[ 13.316020, 13.319524 ]
	[ 13.314780, 13.320915 ]
	AVG[ 13.316084, 13.319813]
	STD DEV[ 0.000683, 0.000563]
---------------------------------------------------------------------------

