// Cal log for MAC address:  B8.27.EB.2B.FB.70
// Created:   16:31:27  06-10-21

				   ## REF100_DATA.log ##


──────────────────────────────────────────────────────────────────────────────

16:31:27  06-10-21
	[ HP meas. uA ]
	[ 108.2641 ]
	[ 108.2153 ]
	[ 108.1845 ]
	[ 108.1794 ]
	[ 108.2051 ]
	[ 108.1845 ]
	[ 108.1922 ]
	[ 108.1948 ]
	[ 108.1640 ]
	[ 108.1153 ]
	AVG[ 108.1899 ]
	STD DEV[ 0.0358 ]
──────────────────────────────────────────────────────────────────────────────

19:00:50  06-10-21
	[ HP meas. uA ]
	[ 107.9640 ]
	[ 107.9640 ]
	[ 107.9768 ]
	[ 107.9845 ]
	[ 107.9794 ]
	[ 107.9588 ]
	[ 108.0460 ]
	[ 107.9691 ]
	[ 107.9588 ]
	[ 107.9486 ]
	AVG[ 107.9750 ]
	STD DEV[ 0.0258 ]
──────────────────────────────────────────────────────────────────────────────

10:50:13  06-11-21
	[ HP meas. uA ]
	[ 100.1158 ]
	[ 100.0645 ]
	[ 100.0517 ]
	[ 100.0388 ]
	[ 100.0414 ]
	[ 100.1081 ]
	[ 100.0876 ]
	[ 100.0388 ]
	[ 99.9773 ]
	[ 100.0542 ]
	AVG[ 100.0578 ]
	STD DEV[ 0.0379 ]
──────────────────────────────────────────────────────────────────────────────

15:48:27  06-18-21
	[ HP meas. uA ]
	[ 100.1183 ]
	[ 100.0106 ]
	[ 100.1286 ]
	[ 100.0824 ]
	[ 100.0465 ]
	[ 100.0927 ]
	[ 100.1030 ]
	[ 100.0773 ]
	[ 100.0671 ]
	[ 100.0055 ]
	AVG[ 100.0732 ]
	STD DEV[ 0.0397 ]
──────────────────────────────────────────────────────────────────────────────

18:30:54  06-18-21
	[ HP meas. uA ]
	[ 100.0517 ]
	[ 100.0876 ]
	[ 100.1337 ]
	[ 99.9978 ]
	[ 100.0465 ]
	[ 100.0722 ]
	[ 100.0671 ]
	[ 100.0363 ]
	[ 100.0363 ]
	[ 100.0388 ]
	AVG[ 100.0568 ]
	STD DEV[ 0.0346 ]
──────────────────────────────────────────────────────────────────────────────

09:42:29  06-21-21
	[ HP meas. uA ]
	[ 100.0696 ]
	[ 100.0260 ]
	[ 99.9593 ]
	[ 100.0158 ]
	[ 100.0414 ]
	[ 100.0311 ]
	[ 100.0337 ]
	[ 100.0235 ]
	[ 100.0594 ]
	[ 100.0568 ]
	AVG[ 100.0317 ]
	STD DEV[ 0.0292 ]
──────────────────────────────────────────────────────────────────────────────

15:40:48  06-22-21
	[ HP meas. uA ]
	[ 100.2004 ]
	[ 100.0773 ]
	[ 99.9798 ]
	[ 100.0414 ]
	[ 100.0517 ]
	[ 100.0953 ]
	[ 100.0465 ]
	[ 100.0286 ]
	[ 100.0414 ]
	[ 100.0824 ]
	AVG[ 100.0645 ]
	STD DEV[ 0.0547 ]
──────────────────────────────────────────────────────────────────────────────

16:46:51  06-22-21
	[ HP meas. uA ]
	[ 100.0799 ]
	[ 100.0286 ]
	[ 100.0183 ]
	[ 100.1107 ]
	[ 100.0363 ]
	[ 100.0465 ]
	[ 100.0568 ]
	[ 100.0465 ]
	[ 100.0414 ]
	[ 100.0465 ]
	AVG[ 100.0511 ]
	STD DEV[ 0.0252 ]
──────────────────────────────────────────────────────────────────────────────

13:22:19  06-23-21
	[ HP meas. uA ]
	[ 100.0671 ]
	[ 100.0722 ]
	[ 100.0517 ]
	[ 100.0517 ]
	[ 100.0311 ]
	[ 100.0311 ]
	[ 100.0209 ]
	[ 100.1183 ]
	[ 100.0517 ]
	[ 100.0158 ]
	AVG[ 100.0512 ]
	STD DEV[ 0.0286 ]
──────────────────────────────────────────────────────────────────────────────

14:33:54  06-23-21
	[ HP meas. uA ]
	[ 100.1466 ]
	[ 100.0235 ]
	[ 100.0209 ]
	[ 100.0311 ]
	[ 100.0696 ]
	[ 100.0286 ]
	[ 100.0260 ]
	[ 100.0568 ]
	[ 100.0337 ]
	[ 99.9798 ]
	AVG[ 100.0417 ]
	STD DEV[ 0.0415 ]
──────────────────────────────────────────────────────────────────────────────

10:32:50  06-24-21
	[ HP meas. uA ]
	[ 100.2030 ]
	[ 100.0337 ]
	[ 100.0542 ]
	[ 100.1414 ]
	[ 100.1389 ]
	[ 100.1081 ]
	[ 100.0542 ]
	[ 100.0594 ]
	[ 100.0850 ]
	[ 100.0901 ]
	AVG[ 100.0968 ]
	STD DEV[ 0.0494 ]
──────────────────────────────────────────────────────────────────────────────

