// Cal log for MAC address:  B8.27.EB.2B.FB.70
// Created:   16:32:20  06-10-21

				   ## THERMOCOUPLE.log ##


──────────────────────────────────────────────────────────────────────────────

16:32:20  06-10-21
	THRMCPL1 	THRMCPL2 	THRMCPL3
	24.14		24.00		23.96
	24.18		24.04		23.91
	24.09		23.98		23.83
	24.16		24.06		23.91
	24.14		23.95		24.04
	24.14		23.95		23.91
	24.12		23.96		23.87
	24.16		23.91		23.93
	24.16		23.99		23.96
	24.11		23.91		23.94

   AVG:	24.14		23.98		23.93  °C
 STDEV:  0.03		 0.05		 0.05  °C
──────────────────────────────────────────────────────────────────────────────

10:49:48  06-11-21
	THRMCPL1 	THRMCPL2 	THRMCPL3
	24.07		23.91		23.87
	24.07		23.91		23.80
	24.04		23.95		23.84
	24.00		23.91		23.87
	24.09		23.91		23.78
	24.11		23.94		23.87
	24.05		23.85		23.84
	23.98		23.89		23.82
	24.05		23.91		23.78
	24.11		23.88		23.82

   AVG:	24.06		23.91		23.83  °C
 STDEV:  0.04		 0.03		 0.03  °C
──────────────────────────────────────────────────────────────────────────────

14:46:27  06-11-21
	THRMCPL1 	THRMCPL2 	THRMCPL3
	24.13		24.09		24.00
	24.18		23.98		23.95
	24.18		24.02		23.96
	24.16		23.96		23.96
	24.13		23.98		23.96
	24.14		24.00		23.99
	24.16		23.94		23.98
	24.16		24.02		23.91
	24.18		24.00		23.94
	24.22		24.00		23.96

   AVG:	24.16		24.00		23.96  °C
 STDEV:  0.03		 0.04		 0.02  °C
──────────────────────────────────────────────────────────────────────────────

15:49:21  06-18-21
	THRMCPL1 	THRMCPL2 	THRMCPL3
	24.06		23.87		23.74
	24.02		23.91		23.78
	24.02		23.87		23.87
	24.00		23.85		23.78
	23.96		23.89		23.74
	24.04		23.82		23.78
	23.98		23.87		23.83
	24.00		23.88		23.73
	23.96		23.78		23.80
	23.99		23.87		23.80

   AVG:	24.00		23.86		23.78  °C
 STDEV:  0.03		 0.04		 0.04  °C
──────────────────────────────────────────────────────────────────────────────

18:30:31  06-18-21
	THRMCPL1 	THRMCPL2 	THRMCPL3
	23.74		23.56		23.52
	23.80		23.60		23.52
	23.77		23.56		23.56
	23.77		23.59		23.56
	23.76		23.54		23.54
	23.80		23.58		23.58
	23.80		23.56		23.52
	23.84		23.56		23.52
	23.80		23.54		23.61
	23.83		23.52		23.55

   AVG:	23.79		23.56		23.55  °C
 STDEV:  0.03		 0.02		 0.03  °C
──────────────────────────────────────────────────────────────────────────────

09:42:45  06-21-21
	THRMCPL1 	THRMCPL2 	THRMCPL3
	23.48		23.38		23.30
	23.49		23.32		23.36
	23.56		23.32		23.33
	23.54		23.30		23.32
	23.50		23.30		23.28
	23.47		23.30		23.19
	23.54		23.32		23.27
	23.50		23.30		23.27
	23.50		23.28		23.23
	23.54		23.33		23.30

   AVG:	23.51		23.31		23.28  °C
 STDEV:  0.03		 0.03		 0.05  °C
──────────────────────────────────────────────────────────────────────────────

15:40:35  06-22-21
	THRMCPL1 	THRMCPL2 	THRMCPL3
	23.95		23.69		23.76
	23.96		23.77		23.66
	23.96		23.73		23.70
	23.99		23.73		23.78
	24.05		23.74		23.76
	23.96		23.77		23.82
	23.99		23.83		23.78
	24.04		23.85		23.82
	24.04		23.76		23.80
	24.05		23.73		23.77

   AVG:	24.00		23.76		23.76  °C
 STDEV:  0.04		 0.05		 0.05  °C
──────────────────────────────────────────────────────────────────────────────

18:28:42  06-22-21
	THRMCPL1 	THRMCPL2 	THRMCPL3
	24.18		23.80		23.80
	24.20		23.73		23.84
	24.14		23.80		23.76
	24.16		23.82		23.82
	24.14		23.80		23.82
	24.13		23.78		23.91
	24.20		23.77		23.80
	24.16		23.76		23.80
	24.13		23.72		23.82
	24.20		23.82		23.83

   AVG:	24.16		23.78		23.82  °C
 STDEV:  0.03		 0.03		 0.04  °C
──────────────────────────────────────────────────────────────────────────────

13:22:06  06-23-21
	THRMCPL1 	THRMCPL2 	THRMCPL3
	24.07		23.73		23.84
	24.09		23.80		23.77
	24.13		23.80		23.80
	24.09		23.70		23.72
	24.05		23.77		23.78
	24.04		23.74		23.67
	24.13		23.76		23.83
	24.07		23.83		23.77
	24.06		23.73		23.78
	24.02		23.80		23.78

   AVG:	24.08		23.77		23.77  °C
 STDEV:  0.03		 0.04		 0.05  °C
──────────────────────────────────────────────────────────────────────────────

16:15:45  06-23-21
	THRMCPL1 	THRMCPL2 	THRMCPL3
	24.27		23.99		24.07
	24.38		23.91		24.05
	24.38		23.94		23.99
	24.35		23.96		24.06
	24.35		24.00		24.09
	24.35		24.04		24.09
	24.41		24.04		24.04
	24.38		23.96		24.04
	24.31		23.93		24.02
	24.31		24.07		24.00

   AVG:	24.35		23.98		24.05  °C
 STDEV:  0.04		 0.05		 0.03  °C
──────────────────────────────────────────────────────────────────────────────

16:24:05  06-23-21
	THRMCPL1 	THRMCPL2 	THRMCPL3
	24.14		24.02		23.94
	24.13		24.02		23.91
	24.12		24.09		23.94
	24.19		23.95		23.94
	24.16		24.02		23.93
	24.16		23.98		23.99
	24.12		24.02		23.88
	24.12		24.05		23.91
	24.18		24.07		23.88
	24.22		24.06		23.99

   AVG:	24.15		24.03		23.93  °C
 STDEV:  0.03		 0.04		 0.04  °C
──────────────────────────────────────────────────────────────────────────────

10:32:36  06-24-21
	THRMCPL1 	THRMCPL2 	THRMCPL3
	24.00		23.80		23.78
	23.96		23.72		23.80
	24.02		23.71		23.77
	23.96		23.71		23.72
	23.94		23.70		23.76
	23.96		23.80		23.71
	23.88		23.72		23.76
	23.93		23.78		23.72
	23.95		23.72		23.67
	23.94		23.73		23.71

   AVG:	23.95		23.74		23.74  °C
 STDEV:  0.04		 0.04		 0.04  °C
──────────────────────────────────────────────────────────────────────────────

